# JRE version: Java(TM) SE Runtime Environment (8.0_20-b26) (build 1.8.0_20-b26)
# Java VM: Java HotSpot(TM) 64-Bit Server VM (25.20-b23 mixed mode windows-amd64 compressed oops)
Heap:
 PSYoungGen      total 337920K, used 121462K [0x00000000e0000000, 0x00000000f6500000, 0x0000000100000000)
  eden space 310272K, 39% used [0x00000000e0000000,0x00000000e769db80,0x00000000f2f00000)
  from space 27648K, 0% used [0x00000000f2f00000,0x00000000f2f00000,0x00000000f4a00000)
  to   space 26624K, 0% used [0x00000000f4a00000,0x00000000f4a00000,0x00000000f6400000)
 ParOldGen       total 126976K, used 126918K [0x00000000a0000000, 0x00000000a7c00000, 0x00000000e0000000)
  object space 126976K, 99% used [0x00000000a0000000,0x00000000a7bf1a38,0x00000000a7c00000)
 Metaspace       used 71931K, capacity 74552K, committed 75392K, reserved 1114112K
  class space    used 9377K, capacity 9895K, committed 10112K, reserved 1048576K
GC Heap History (10 events):
Event: 446.441 GC heap before
{Heap before GC invocations=27 (full 4):
 PSYoungGen      total 336896K, used 327671K [0x00000000e0000000, 0x00000000f6500000, 0x0000000100000000)
  eden space 310272K, 100% used [0x00000000e0000000,0x00000000f2f00000,0x00000000f2f00000)
  from space 26624K, 65% used [0x00000000f4a00000,0x00000000f5afdce0,0x00000000f6400000)
  to   space 27648K, 0% used [0x00000000f2f00000,0x00000000f2f00000,0x00000000f4a00000)
 ParOldGen       total 126976K, used 94816K [0x00000000a0000000, 0x00000000a7c00000, 0x00000000e0000000)
  object space 126976K, 74% used [0x00000000a0000000,0x00000000a5c980e8,0x00000000a7c00000)
 Metaspace       used 72337K, capacity 75068K, committed 75392K, reserved 1114112K
  class space    used 9459K, capacity 10003K, committed 10112K, reserved 1048576K
Event: 446.538 GC heap after
Heap after GC invocations=27 (full 4):
 PSYoungGen      total 337920K, used 27622K [0x00000000e0000000, 0x00000000f6500000, 0x0000000100000000)
  eden space 310272K, 0% used [0x00000000e0000000,0x00000000e0000000,0x00000000f2f00000)
  from space 27648K, 99% used [0x00000000f2f00000,0x00000000f49f99c0,0x00000000f4a00000)
  to   space 26624K, 0% used [0x00000000f4a00000,0x00000000f4a00000,0x00000000f6400000)
 ParOldGen       total 126976K, used 118714K [0x00000000a0000000, 0x00000000a7c00000, 0x00000000e0000000)
  object space 126976K, 93% used [0x00000000a0000000,0x00000000a73ee9c0,0x00000000a7c00000)
 Metaspace       used 72337K, capacity 75068K, committed 75392K, reserved 1114112K
  class space    used 9459K, capacity 10003K, committed 10112K, reserved 1048576K
}
Event: 446.538 GC heap before
{Heap before GC invocations=28 (full 5):
 PSYoungGen      total 337920K, used 27622K [0x00000000e0000000, 0x00000000f6500000, 0x0000000100000000)
  eden space 310272K, 0% used [0x00000000e0000000,0x00000000e0000000,0x00000000f2f00000)
  from space 27648K, 99% used [0x00000000f2f00000,0x00000000f49f99c0,0x00000000f4a00000)
  to   space 26624K, 0% used [0x00000000f4a00000,0x00000000f4a00000,0x00000000f6400000)
 ParOldGen       total 126976K, used 118714K [0x00000000a0000000, 0x00000000a7c00000, 0x00000000e0000000)
  object space 126976K, 93% used [0x00000000a0000000,0x00000000a73ee9c0,0x00000000a7c00000)
 Metaspace       used 72337K, capacity 75068K, committed 75392K, reserved 1114112K
  class space    used 9459K, capacity 10003K, committed 10112K, reserved 1048576K
Event: 447.310 GC heap after
Heap after GC invocations=28 (full 5):
 PSYoungGen      total 337920K, used 0K [0x00000000e0000000, 0x00000000f6500000, 0x0000000100000000)
  eden space 310272K, 0% used [0x00000000e0000000,0x00000000e0000000,0x00000000f2f00000)
  from space 27648K, 0% used [0x00000000f2f00000,0x00000000f2f00000,0x00000000f4a00000)
  to   space 26624K, 0% used [0x00000000f4a00000,0x00000000f4a00000,0x00000000f6400000)
 ParOldGen       total 126976K, used 105042K [0x00000000a0000000, 0x00000000a7c00000, 0x00000000e0000000)
  object space 126976K, 82% used [0x00000000a0000000,0x00000000a66949f0,0x00000000a7c00000)
 Metaspace       used 71550K, capacity 74232K, committed 75392K, reserved 1114112K
  class space    used 9369K, capacity 9895K, committed 10112K, reserved 1048576K
}
Event: 449.318 GC heap before
{Heap before GC invocations=29 (full 6):
 PSYoungGen      total 337920K, used 310272K [0x00000000e0000000, 0x00000000f6500000, 0x0000000100000000)
  eden space 310272K, 100% used [0x00000000e0000000,0x00000000f2f00000,0x00000000f2f00000)
  from space 27648K, 0% used [0x00000000f2f00000,0x00000000f2f00000,0x00000000f4a00000)
  to   space 26624K, 0% used [0x00000000f4a00000,0x00000000f4a00000,0x00000000f6400000)
 ParOldGen       total 126976K, used 105042K [0x00000000a0000000, 0x00000000a7c00000, 0x00000000e0000000)
  object space 126976K, 82% used [0x00000000a0000000,0x00000000a66949f0,0x00000000a7c00000)
 Metaspace       used 71841K, capacity 74488K, committed 75392K, reserved 1114112K
  class space    used 9373K, capacity 9895K, committed 10112K, reserved 1048576K
Event: 449.913 GC heap after
Heap after GC invocations=29 (full 6):
 PSYoungGen      total 337920K, used 0K [0x00000000e0000000, 0x00000000f6500000, 0x0000000100000000)
  eden space 310272K, 0% used [0x00000000e0000000,0x00000000e0000000,0x00000000f2f00000)
  from space 27648K, 0% used [0x00000000f2f00000,0x00000000f2f00000,0x00000000f4a00000)
  to   space 26624K, 0% used [0x00000000f4a00000,0x00000000f4a00000,0x00000000f6400000)
 ParOldGen       total 126976K, used 108370K [0x00000000a0000000, 0x00000000a7c00000, 0x00000000e0000000)
  object space 126976K, 85% used [0x00000000a0000000,0x00000000a69d4b10,0x00000000a7c00000)
 Metaspace       used 71841K, capacity 74488K, committed 75392K, reserved 1114112K
  class space    used 9373K, capacity 9895K, committed 10112K, reserved 1048576K
}
Event: 451.933 GC heap before
{Heap before GC invocations=30 (full 7):
 PSYoungGen      total 337920K, used 310272K [0x00000000e0000000, 0x00000000f6500000, 0x0000000100000000)
  eden space 310272K, 100% used [0x00000000e0000000,0x00000000f2f00000,0x00000000f2f00000)
  from space 27648K, 0% used [0x00000000f2f00000,0x00000000f2f00000,0x00000000f4a00000)
  to   space 26624K, 0% used [0x00000000f4a00000,0x00000000f4a00000,0x00000000f6400000)
 ParOldGen       total 126976K, used 108370K [0x00000000a0000000, 0x00000000a7c00000, 0x00000000e0000000)
  object space 126976K, 85% used [0x00000000a0000000,0x00000000a69d4b10,0x00000000a7c00000)
 Metaspace       used 71927K, capacity 74552K, committed 75392K, reserved 1114112K
  class space    used 9377K, capacity 9895K, committed 10112K, reserved 1048576K
Event: 452.443 GC heap after
Heap after GC invocations=30 (full 7):
 PSYoungGen      total 337920K, used 0K [0x00000000e0000000, 0x00000000f6500000, 0x0000000100000000)
  eden space 310272K, 0% used [0x00000000e0000000,0x00000000e0000000,0x00000000f2f00000)
  from space 27648K, 0% used [0x00000000f2f00000,0x00000000f2f00000,0x00000000f4a00000)
  to   space 26624K, 0% used [0x00000000f4a00000,0x00000000f4a00000,0x00000000f6400000)
 ParOldGen       total 126976K, used 105690K [0x00000000a0000000, 0x00000000a7c00000, 0x00000000e0000000)
  object space 126976K, 83% used [0x00000000a0000000,0x00000000a6736958,0x00000000a7c00000)
 Metaspace       used 71927K, capacity 74552K, committed 75392K, reserved 1114112K
  class space    used 9377K, capacity 9895K, committed 10112K, reserved 1048576K
}
Event: 453.319 GC heap before
{Heap before GC invocations=31 (full 8):
 PSYoungGen      total 337920K, used 310272K [0x00000000e0000000, 0x00000000f6500000, 0x0000000100000000)
  eden space 310272K, 100% used [0x00000000e0000000,0x00000000f2f00000,0x00000000f2f00000)
  from space 27648K, 0% used [0x00000000f2f00000,0x00000000f2f00000,0x00000000f4a00000)
  to   space 26624K, 0% used [0x00000000f4a00000,0x00000000f4a00000,0x00000000f6400000)
 ParOldGen       total 126976K, used 105690K [0x00000000a0000000, 0x00000000a7c00000, 0x00000000e0000000)
  object space 126976K, 83% used [0x00000000a0000000,0x00000000a6736958,0x00000000a7c00000)
 Metaspace       used 71930K, capacity 74552K, committed 75392K, reserved 1114112K
  class space    used 9377K, capacity 9895K, committed 10112K, reserved 1048576K
Event: 454.625 GC heap after
Heap after GC invocations=31 (full 8):
 PSYoungGen      total 337920K, used 14135K [0x00000000e0000000, 0x00000000f6500000, 0x0000000100000000)
  eden space 310272K, 4% used [0x00000000e0000000,0x00000000e0dcdd70,0x00000000f2f00000)
  from space 27648K, 0% used [0x00000000f2f00000,0x00000000f2f00000,0x00000000f4a00000)
  to   space 26624K, 0% used [0x00000000f4a00000,0x00000000f4a00000,0x00000000f6400000)
 ParOldGen       total 126976K, used 126918K [0x00000000a0000000, 0x00000000a7c00000, 0x00000000e0000000)
  object space 126976K, 99% used [0x00000000a0000000,0x00000000a7bf1a38,0x00000000a7c00000)
 Metaspace       used 71930K, capacity 74552K, committed 75392K, reserved 1114112K
  class space    used 9377K, capacity 9895K, committed 10112K, reserved 1048576K
}

