# JRE version: Java(TM) SE Runtime Environment (8.0_20-b26) (build 1.8.0_20-b26)
# Java VM: Java HotSpot(TM) 64-Bit Server VM (25.20-b23 mixed mode windows-amd64 compressed oops)
Heap:
 PSYoungGen      total 446464K, used 374140K [0x00000000e0000000, 0x0000000100000000, 0x0000000100000000)
  eden space 375808K, 86% used [0x00000000e0000000,0x00000000f3e5b620,0x00000000f6f00000)
  from space 70656K, 68% used [0x00000000fbb00000,0x00000000fea039e0,0x0000000100000000)
  to   space 74240K, 0% used [0x00000000f6f00000,0x00000000f6f00000,0x00000000fb780000)
 ParOldGen       total 221696K, used 179164K [0x00000000a0000000, 0x00000000ad880000, 0x00000000e0000000)
  object space 221696K, 80% used [0x00000000a0000000,0x00000000aaef7098,0x00000000ad880000)
 Metaspace       used 77409K, capacity 81324K, committed 82048K, reserved 1120256K
  class space    used 10043K, capacity 10781K, committed 10880K, reserved 1048576K
GC Heap History (10 events):
Event: 798.690 GC heap after
Heap after GC invocations=36 (full 6):
 PSYoungGen      total 384000K, used 0K [0x00000000e0000000, 0x00000000fb800000, 0x0000000100000000)
  eden space 335360K, 0% used [0x00000000e0000000,0x00000000e0000000,0x00000000f4780000)
  from space 48640K, 0% used [0x00000000f7c00000,0x00000000f7c00000,0x00000000fab80000)
  to   space 53760K, 0% used [0x00000000f4780000,0x00000000f4780000,0x00000000f7c00000)
 ParOldGen       total 221696K, used 118572K [0x00000000a0000000, 0x00000000ad880000, 0x00000000e0000000)
  object space 221696K, 53% used [0x00000000a0000000,0x00000000a73cb010,0x00000000ad880000)
 Metaspace       used 77318K, capacity 81260K, committed 82048K, reserved 1120256K
  class space    used 10042K, capacity 10781K, committed 10880K, reserved 1048576K
}
Event: 800.302 GC heap before
{Heap before GC invocations=37 (full 6):
 PSYoungGen      total 384000K, used 335360K [0x00000000e0000000, 0x00000000fb800000, 0x0000000100000000)
  eden space 335360K, 100% used [0x00000000e0000000,0x00000000f4780000,0x00000000f4780000)
  from space 48640K, 0% used [0x00000000f7c00000,0x00000000f7c00000,0x00000000fab80000)
  to   space 53760K, 0% used [0x00000000f4780000,0x00000000f4780000,0x00000000f7c00000)
 ParOldGen       total 221696K, used 118572K [0x00000000a0000000, 0x00000000ad880000, 0x00000000e0000000)
  object space 221696K, 53% used [0x00000000a0000000,0x00000000a73cb010,0x00000000ad880000)
 Metaspace       used 77352K, capacity 81324K, committed 82048K, reserved 1120256K
  class space    used 10042K, capacity 10781K, committed 10880K, reserved 1048576K
Event: 800.400 GC heap after
Heap after GC invocations=37 (full 6):
 PSYoungGen      total 389120K, used 45830K [0x00000000e0000000, 0x0000000100000000, 0x0000000100000000)
  eden space 335360K, 0% used [0x00000000e0000000,0x00000000e0000000,0x00000000f4780000)
  from space 53760K, 85% used [0x00000000f4780000,0x00000000f7441a28,0x00000000f7c00000)
  to   space 59904K, 0% used [0x00000000fc580000,0x00000000fc580000,0x0000000100000000)
 ParOldGen       total 221696K, used 118580K [0x00000000a0000000, 0x00000000ad880000, 0x00000000e0000000)
  object space 221696K, 53% used [0x00000000a0000000,0x00000000a73cd010,0x00000000ad880000)
 Metaspace       used 77352K, capacity 81324K, committed 82048K, reserved 1120256K
  class space    used 10042K, capacity 10781K, committed 10880K, reserved 1048576K
}
Event: 802.622 GC heap before
{Heap before GC invocations=38 (full 6):
 PSYoungGen      total 389120K, used 381190K [0x00000000e0000000, 0x0000000100000000, 0x0000000100000000)
  eden space 335360K, 100% used [0x00000000e0000000,0x00000000f4780000,0x00000000f4780000)
  from space 53760K, 85% used [0x00000000f4780000,0x00000000f7441a28,0x00000000f7c00000)
  to   space 59904K, 0% used [0x00000000fc580000,0x00000000fc580000,0x0000000100000000)
 ParOldGen       total 221696K, used 118580K [0x00000000a0000000, 0x00000000ad880000, 0x00000000e0000000)
  object space 221696K, 53% used [0x00000000a0000000,0x00000000a73cd010,0x00000000ad880000)
 Metaspace       used 77362K, capacity 81324K, committed 82048K, reserved 1120256K
  class space    used 10042K, capacity 10781K, committed 10880K, reserved 1048576K
Event: 802.762 GC heap after
Heap after GC invocations=38 (full 6):
 PSYoungGen      total 456192K, used 44772K [0x00000000e0000000, 0x0000000100000000, 0x0000000100000000)
  eden space 396288K, 0% used [0x00000000e0000000,0x00000000e0000000,0x00000000f8300000)
  from space 59904K, 74% used [0x00000000fc580000,0x00000000ff1392c8,0x0000000100000000)
  to   space 64000K, 0% used [0x00000000f8300000,0x00000000f8300000,0x00000000fc180000)
 ParOldGen       total 221696K, used 157682K [0x00000000a0000000, 0x00000000ad880000, 0x00000000e0000000)
  object space 221696K, 71% used [0x00000000a0000000,0x00000000a99fcaf8,0x00000000ad880000)
 Metaspace       used 77362K, capacity 81324K, committed 82048K, reserved 1120256K
  class space    used 10042K, capacity 10781K, committed 10880K, reserved 1048576K
}
Event: 804.074 GC heap before
{Heap before GC invocations=39 (full 6):
 PSYoungGen      total 456192K, used 441060K [0x00000000e0000000, 0x0000000100000000, 0x0000000100000000)
  eden space 396288K, 100% used [0x00000000e0000000,0x00000000f8300000,0x00000000f8300000)
  from space 59904K, 74% used [0x00000000fc580000,0x00000000ff1392c8,0x0000000100000000)
  to   space 64000K, 0% used [0x00000000f8300000,0x00000000f8300000,0x00000000fc180000)
 ParOldGen       total 221696K, used 165472K [0x00000000a0000000, 0x00000000ad880000, 0x00000000e0000000)
  object space 221696K, 74% used [0x00000000a0000000,0x00000000aa198008,0x00000000ad880000)
 Metaspace       used 77389K, capacity 81324K, committed 82048K, reserved 1120256K
  class space    used 10043K, capacity 10781K, committed 10880K, reserved 1048576K
Event: 804.226 GC heap after
Heap after GC invocations=39 (full 6):
 PSYoungGen      total 453632K, used 56839K [0x00000000e0000000, 0x0000000100000000, 0x0000000100000000)
  eden space 396288K, 0% used [0x00000000e0000000,0x00000000e0000000,0x00000000f8300000)
  from space 57344K, 99% used [0x00000000f8300000,0x00000000fba81fa8,0x00000000fbb00000)
  to   space 70656K, 0% used [0x00000000fbb00000,0x00000000fbb00000,0x0000000100000000)
 ParOldGen       total 221696K, used 196057K [0x00000000a0000000, 0x00000000ad880000, 0x00000000e0000000)
  object space 221696K, 88% used [0x00000000a0000000,0x00000000abf76728,0x00000000ad880000)
 Metaspace       used 77389K, capacity 81324K, committed 82048K, reserved 1120256K
  class space    used 10043K, capacity 10781K, committed 10880K, reserved 1048576K
}
Event: 804.226 GC heap before
{Heap before GC invocations=40 (full 7):
 PSYoungGen      total 453632K, used 56839K [0x00000000e0000000, 0x0000000100000000, 0x0000000100000000)
  eden space 396288K, 0% used [0x00000000e0000000,0x00000000e0000000,0x00000000f8300000)
  from space 57344K, 99% used [0x00000000f8300000,0x00000000fba81fa8,0x00000000fbb00000)
  to   space 70656K, 0% used [0x00000000fbb00000,0x00000000fbb00000,0x0000000100000000)
 ParOldGen       total 221696K, used 196057K [0x00000000a0000000, 0x00000000ad880000, 0x00000000e0000000)
  object space 221696K, 88% used [0x00000000a0000000,0x00000000abf76728,0x00000000ad880000)
 Metaspace       used 77389K, capacity 81324K, committed 82048K, reserved 1120256K
  class space    used 10043K, capacity 10781K, committed 10880K, reserved 1048576K
Event: 805.384 GC heap after
Heap after GC invocations=40 (full 7):
 PSYoungGen      total 453632K, used 0K [0x00000000e0000000, 0x0000000100000000, 0x0000000100000000)
  eden space 396288K, 0% used [0x00000000e0000000,0x00000000e0000000,0x00000000f8300000)
  from space 57344K, 0% used [0x00000000f8300000,0x00000000f8300000,0x00000000fbb00000)
  to   space 70656K, 0% used [0x00000000fbb00000,0x00000000fbb00000,0x0000000100000000)
 ParOldGen       total 221696K, used 174189K [0x00000000a0000000, 0x00000000ad880000, 0x00000000e0000000)
  object space 221696K, 78% used [0x00000000a0000000,0x00000000aaa1b750,0x00000000ad880000)
 Metaspace       used 77389K, capacity 81324K, committed 82048K, reserved 1120256K
  class space    used 10043K, capacity 10781K, committed 10880K, reserved 1048576K
}
Event: 807.355 GC heap before
{Heap before GC invocations=41 (full 7):
 PSYoungGen      total 453632K, used 396288K [0x00000000e0000000, 0x0000000100000000, 0x0000000100000000)
  eden space 396288K, 100% used [0x00000000e0000000,0x00000000f8300000,0x00000000f8300000)
  from space 57344K, 0% used [0x00000000f8300000,0x00000000f8300000,0x00000000fbb00000)
  to   space 70656K, 0% used [0x00000000fbb00000,0x00000000fbb00000,0x0000000100000000)
 ParOldGen       total 221696K, used 179164K [0x00000000a0000000, 0x00000000ad880000, 0x00000000e0000000)
  object space 221696K, 80% used [0x00000000a0000000,0x00000000aaef7098,0x00000000ad880000)
 Metaspace       used 77404K, capacity 81324K, committed 82048K, reserved 1120256K
  class space    used 10043K, capacity 10781K, committed 10880K, reserved 1048576K

