# JRE version: Java(TM) SE Runtime Environment (8.0_20-b26) (build 1.8.0_20-b26)
# Java VM: Java HotSpot(TM) 64-Bit Server VM (25.20-b23 mixed mode windows-amd64 compressed oops)
Heap:
 PSYoungGen      total 410112K, used 352800K [0x00000000e0000000, 0x00000000fb600000, 0x0000000100000000)
  eden space 374784K, 94% used [0x00000000e0000000,0x00000000f5888050,0x00000000f6e00000)
  from space 35328K, 0% used [0x00000000f9380000,0x00000000f9380000,0x00000000fb600000)
  to   space 36864K, 0% used [0x00000000f6e00000,0x00000000f6e00000,0x00000000f9200000)
 ParOldGen       total 139776K, used 56869K [0x00000000a0000000, 0x00000000a8880000, 0x00000000e0000000)
  object space 139776K, 40% used [0x00000000a0000000,0x00000000a37894a0,0x00000000a8880000)
 Metaspace       used 76997K, capacity 82268K, committed 82816K, reserved 1122304K
  class space    used 10002K, capacity 10779K, committed 10880K, reserved 1048576K
GC Heap History (10 events):
Event: 1768.092 GC heap before
{Heap before GC invocations=45 (full 11):
 PSYoungGen      total 351232K, used 23409K [0x00000000e0000000, 0x00000000f8000000, 0x0000000100000000)
  eden space 320000K, 0% used [0x00000000e0000000,0x00000000e0000000,0x00000000f3880000)
  from space 31232K, 74% used [0x00000000f5a80000,0x00000000f715c560,0x00000000f7900000)
  to   space 34816K, 0% used [0x00000000f3880000,0x00000000f3880000,0x00000000f5a80000)
 ParOldGen       total 68096K, used 39025K [0x00000000a0000000, 0x00000000a4280000, 0x00000000e0000000)
  object space 68096K, 57% used [0x00000000a0000000,0x00000000a261c4b0,0x00000000a4280000)
 Metaspace       used 73954K, capacity 77922K, committed 77952K, reserved 1116160K
  class space    used 9717K, capacity 10353K, committed 10368K, reserved 1048576K
Event: 1769.031 GC heap after
Heap after GC invocations=45 (full 11):
 PSYoungGen      total 351232K, used 0K [0x00000000e0000000, 0x00000000f8000000, 0x0000000100000000)
  eden space 320000K, 0% used [0x00000000e0000000,0x00000000e0000000,0x00000000f3880000)
  from space 31232K, 0% used [0x00000000f5a80000,0x00000000f5a80000,0x00000000f7900000)
  to   space 34816K, 0% used [0x00000000f3880000,0x00000000f3880000,0x00000000f5a80000)
 ParOldGen       total 68096K, used 57179K [0x00000000a0000000, 0x00000000a4280000, 0x00000000e0000000)
  object space 68096K, 83% used [0x00000000a0000000,0x00000000a37d6e58,0x00000000a4280000)
 Metaspace       used 73856K, capacity 77774K, committed 77952K, reserved 1116160K
  class space    used 9699K, capacity 10326K, committed 10368K, reserved 1048576K
}
Event: 2247.091 GC heap before
{Heap before GC invocations=46 (full 12):
 PSYoungGen      total 351232K, used 320000K [0x00000000e0000000, 0x00000000f8000000, 0x0000000100000000)
  eden space 320000K, 100% used [0x00000000e0000000,0x00000000f3880000,0x00000000f3880000)
  from space 31232K, 0% used [0x00000000f5a80000,0x00000000f5a80000,0x00000000f7900000)
  to   space 34816K, 0% used [0x00000000f3880000,0x00000000f3880000,0x00000000f5a80000)
 ParOldGen       total 68096K, used 57179K [0x00000000a0000000, 0x00000000a4280000, 0x00000000e0000000)
  object space 68096K, 83% used [0x00000000a0000000,0x00000000a37d6e58,0x00000000a4280000)
 Metaspace       used 74667K, capacity 78776K, committed 78848K, reserved 1118208K
  class space    used 9791K, capacity 10435K, committed 10496K, reserved 1048576K
Event: 2247.486 GC heap after
Heap after GC invocations=46 (full 12):
 PSYoungGen      total 351232K, used 0K [0x00000000e0000000, 0x00000000f8000000, 0x0000000100000000)
  eden space 320000K, 0% used [0x00000000e0000000,0x00000000e0000000,0x00000000f3880000)
  from space 31232K, 0% used [0x00000000f5a80000,0x00000000f5a80000,0x00000000f7900000)
  to   space 34816K, 0% used [0x00000000f3880000,0x00000000f3880000,0x00000000f5a80000)
 ParOldGen       total 139776K, used 65220K [0x00000000a0000000, 0x00000000a8880000, 0x00000000e0000000)
  object space 139776K, 46% used [0x00000000a0000000,0x00000000a3fb1238,0x00000000a8880000)
 Metaspace       used 74667K, capacity 78776K, committed 78848K, reserved 1118208K
  class space    used 9791K, capacity 10435K, committed 10496K, reserved 1048576K
}
Event: 2256.316 GC heap before
{Heap before GC invocations=47 (full 12):
 PSYoungGen      total 351232K, used 320000K [0x00000000e0000000, 0x00000000f8000000, 0x0000000100000000)
  eden space 320000K, 100% used [0x00000000e0000000,0x00000000f3880000,0x00000000f3880000)
  from space 31232K, 0% used [0x00000000f5a80000,0x00000000f5a80000,0x00000000f7900000)
  to   space 34816K, 0% used [0x00000000f3880000,0x00000000f3880000,0x00000000f5a80000)
 ParOldGen       total 139776K, used 65220K [0x00000000a0000000, 0x00000000a8880000, 0x00000000e0000000)
  object space 139776K, 46% used [0x00000000a0000000,0x00000000a3fb1238,0x00000000a8880000)
 Metaspace       used 76407K, capacity 80528K, committed 80768K, reserved 1120256K
  class space    used 9892K, capacity 10551K, committed 10624K, reserved 1048576K
Event: 2256.375 GC heap after
Heap after GC invocations=47 (full 12):
 PSYoungGen      total 354816K, used 26493K [0x00000000e0000000, 0x00000000fb900000, 0x0000000100000000)
  eden space 320000K, 0% used [0x00000000e0000000,0x00000000e0000000,0x00000000f3880000)
  from space 34816K, 76% used [0x00000000f3880000,0x00000000f525f450,0x00000000f5a80000)
  to   space 38400K, 0% used [0x00000000f9380000,0x00000000f9380000,0x00000000fb900000)
 ParOldGen       total 139776K, used 65228K [0x00000000a0000000, 0x00000000a8880000, 0x00000000e0000000)
  object space 139776K, 46% used [0x00000000a0000000,0x00000000a3fb3238,0x00000000a8880000)
 Metaspace       used 76407K, capacity 80528K, committed 80768K, reserved 1120256K
  class space    used 9892K, capacity 10551K, committed 10624K, reserved 1048576K
}
Event: 2260.486 GC heap before
{Heap before GC invocations=48 (full 12):
 PSYoungGen      total 354816K, used 328313K [0x00000000e0000000, 0x00000000fb900000, 0x0000000100000000)
  eden space 320000K, 94% used [0x00000000e0000000,0x00000000f26bf000,0x00000000f3880000)
  from space 34816K, 76% used [0x00000000f3880000,0x00000000f525f450,0x00000000f5a80000)
  to   space 38400K, 0% used [0x00000000f9380000,0x00000000f9380000,0x00000000fb900000)
 ParOldGen       total 139776K, used 65228K [0x00000000a0000000, 0x00000000a8880000, 0x00000000e0000000)
  object space 139776K, 46% used [0x00000000a0000000,0x00000000a3fb3238,0x00000000a8880000)
 Metaspace       used 76755K, capacity 80914K, committed 81024K, reserved 1120256K
  class space    used 9895K, capacity 10552K, committed 10624K, reserved 1048576K
Event: 2260.501 GC heap after
Heap after GC invocations=48 (full 12):
 PSYoungGen      total 410112K, used 4803K [0x00000000e0000000, 0x00000000fb600000, 0x0000000100000000)
  eden space 374784K, 0% used [0x00000000e0000000,0x00000000e0000000,0x00000000f6e00000)
  from space 35328K, 13% used [0x00000000f9380000,0x00000000f9830e70,0x00000000fb600000)
  to   space 36864K, 0% used [0x00000000f6e00000,0x00000000f6e00000,0x00000000f9200000)
 ParOldGen       total 139776K, used 66531K [0x00000000a0000000, 0x00000000a8880000, 0x00000000e0000000)
  object space 139776K, 47% used [0x00000000a0000000,0x00000000a40f8fd0,0x00000000a8880000)
 Metaspace       used 76755K, capacity 80914K, committed 81024K, reserved 1120256K
  class space    used 9895K, capacity 10552K, committed 10624K, reserved 1048576K
}
Event: 2260.501 GC heap before
{Heap before GC invocations=49 (full 13):
 PSYoungGen      total 410112K, used 4803K [0x00000000e0000000, 0x00000000fb600000, 0x0000000100000000)
  eden space 374784K, 0% used [0x00000000e0000000,0x00000000e0000000,0x00000000f6e00000)
  from space 35328K, 13% used [0x00000000f9380000,0x00000000f9830e70,0x00000000fb600000)
  to   space 36864K, 0% used [0x00000000f6e00000,0x00000000f6e00000,0x00000000f9200000)
 ParOldGen       total 139776K, used 66531K [0x00000000a0000000, 0x00000000a8880000, 0x00000000e0000000)
  object space 139776K, 47% used [0x00000000a0000000,0x00000000a40f8fd0,0x00000000a8880000)
 Metaspace       used 76755K, capacity 80914K, committed 81024K, reserved 1120256K
  class space    used 9895K, capacity 10552K, committed 10624K, reserved 1048576K
Event: 2261.625 GC heap after
Heap after GC invocations=49 (full 13):
 PSYoungGen      total 410112K, used 0K [0x00000000e0000000, 0x00000000fb600000, 0x0000000100000000)
  eden space 374784K, 0% used [0x00000000e0000000,0x00000000e0000000,0x00000000f6e00000)
  from space 35328K, 0% used [0x00000000f9380000,0x00000000f9380000,0x00000000fb600000)
  to   space 36864K, 0% used [0x00000000f6e00000,0x00000000f6e00000,0x00000000f9200000)
 ParOldGen       total 139776K, used 56869K [0x00000000a0000000, 0x00000000a8880000, 0x00000000e0000000)
  object space 139776K, 40% used [0x00000000a0000000,0x00000000a37894a0,0x00000000a8880000)
 Metaspace       used 76128K, capacity 80246K, committed 81024K, reserved 1120256K
  class space    used 9826K, capacity 10476K, committed 10624K, reserved 1048576K
}

