# JRE version: Java(TM) SE Runtime Environment (8.0_20-b26) (build 1.8.0_20-b26)
# Java VM: Java HotSpot(TM) 64-Bit Server VM (25.20-b23 mixed mode windows-amd64 compressed oops)
Heap:
 PSYoungGen      total 315904K, used 97092K [0x00000000e0000000, 0x00000000f9880000, 0x0000000100000000)
  eden space 257536K, 28% used [0x00000000e0000000,0x00000000e4864530,0x00000000efb80000)
  from space 58368K, 39% used [0x00000000efb80000,0x00000000f11ecdf8,0x00000000f3480000)
  to   space 59392K, 0% used [0x00000000f5e80000,0x00000000f5e80000,0x00000000f9880000)
 ParOldGen       total 146432K, used 146360K [0x00000000a0000000, 0x00000000a8f00000, 0x00000000e0000000)
  object space 146432K, 99% used [0x00000000a0000000,0x00000000a8eee018,0x00000000a8f00000)
 Metaspace       used 71420K, capacity 74038K, committed 74752K, reserved 1114112K
  class space    used 9315K, capacity 9828K, committed 9984K, reserved 1048576K
GC Heap History (10 events):
Event: 135.484 GC heap before
{Heap before GC invocations=34 (full 6):
 PSYoungGen      total 296448K, used 257536K [0x00000000e0000000, 0x00000000f8400000, 0x0000000100000000)
  eden space 257536K, 100% used [0x00000000e0000000,0x00000000efb80000,0x00000000efb80000)
  from space 38912K, 0% used [0x00000000f3480000,0x00000000f3480000,0x00000000f5a80000)
  to   space 58368K, 0% used [0x00000000efb80000,0x00000000efb80000,0x00000000f3480000)
 ParOldGen       total 146432K, used 137034K [0x00000000a0000000, 0x00000000a8f00000, 0x00000000e0000000)
  object space 146432K, 93% used [0x00000000a0000000,0x00000000a85d2b10,0x00000000a8f00000)
 Metaspace       used 71376K, capacity 73974K, committed 74752K, reserved 1114112K
  class space    used 9314K, capacity 9828K, committed 9984K, reserved 1048576K
Event: 135.904 GC heap after
Heap after GC invocations=34 (full 6):
 PSYoungGen      total 296448K, used 0K [0x00000000e0000000, 0x00000000f8400000, 0x0000000100000000)
  eden space 257536K, 0% used [0x00000000e0000000,0x00000000e0000000,0x00000000efb80000)
  from space 38912K, 0% used [0x00000000f3480000,0x00000000f3480000,0x00000000f5a80000)
  to   space 58368K, 0% used [0x00000000efb80000,0x00000000efb80000,0x00000000f3480000)
 ParOldGen       total 146432K, used 77869K [0x00000000a0000000, 0x00000000a8f00000, 0x00000000e0000000)
  object space 146432K, 53% used [0x00000000a0000000,0x00000000a4c0b4a0,0x00000000a8f00000)
 Metaspace       used 71376K, capacity 73974K, committed 74752K, reserved 1114112K
  class space    used 9314K, capacity 9828K, committed 9984K, reserved 1048576K
}
Event: 137.287 GC heap before
{Heap before GC invocations=35 (full 6):
 PSYoungGen      total 296448K, used 257536K [0x00000000e0000000, 0x00000000f8400000, 0x0000000100000000)
  eden space 257536K, 100% used [0x00000000e0000000,0x00000000efb80000,0x00000000efb80000)
  from space 38912K, 0% used [0x00000000f3480000,0x00000000f3480000,0x00000000f5a80000)
  to   space 58368K, 0% used [0x00000000efb80000,0x00000000efb80000,0x00000000f3480000)
 ParOldGen       total 146432K, used 77869K [0x00000000a0000000, 0x00000000a8f00000, 0x00000000e0000000)
  object space 146432K, 53% used [0x00000000a0000000,0x00000000a4c0b6f8,0x00000000a8f00000)
 Metaspace       used 71412K, capacity 74038K, committed 74752K, reserved 1114112K
  class space    used 9315K, capacity 9828K, committed 9984K, reserved 1048576K
Event: 137.391 GC heap after
Heap after GC invocations=35 (full 6):
 PSYoungGen      total 315904K, used 34585K [0x00000000e0000000, 0x00000000f9880000, 0x0000000100000000)
  eden space 257536K, 0% used [0x00000000e0000000,0x00000000e0000000,0x00000000efb80000)
  from space 58368K, 59% used [0x00000000efb80000,0x00000000f1d46528,0x00000000f3480000)
  to   space 59392K, 0% used [0x00000000f5e80000,0x00000000f5e80000,0x00000000f9880000)
 ParOldGen       total 146432K, used 77869K [0x00000000a0000000, 0x00000000a8f00000, 0x00000000e0000000)
  object space 146432K, 53% used [0x00000000a0000000,0x00000000a4c0b6f8,0x00000000a8f00000)
 Metaspace       used 71412K, capacity 74038K, committed 74752K, reserved 1114112K
  class space    used 9315K, capacity 9828K, committed 9984K, reserved 1048576K
}
Event: 138.412 GC heap before
{Heap before GC invocations=36 (full 6):
 PSYoungGen      total 315904K, used 292121K [0x00000000e0000000, 0x00000000f9880000, 0x0000000100000000)
  eden space 257536K, 100% used [0x00000000e0000000,0x00000000efb80000,0x00000000efb80000)
  from space 58368K, 59% used [0x00000000efb80000,0x00000000f1d46528,0x00000000f3480000)
  to   space 59392K, 0% used [0x00000000f5e80000,0x00000000f5e80000,0x00000000f9880000)
 ParOldGen       total 146432K, used 77869K [0x00000000a0000000, 0x00000000a8f00000, 0x00000000e0000000)
  object space 146432K, 53% used [0x00000000a0000000,0x00000000a4c0b6f8,0x00000000a8f00000)
 Metaspace       used 71415K, capacity 74038K, committed 74752K, reserved 1114112K
  class space    used 9315K, capacity 9828K, committed 9984K, reserved 1048576K
Event: 138.622 GC heap after
Heap after GC invocations=36 (full 6):
 PSYoungGen      total 316928K, used 38262K [0x00000000e0000000, 0x00000000f9880000, 0x0000000100000000)
  eden space 257536K, 0% used [0x00000000e0000000,0x00000000e0000000,0x00000000efb80000)
  from space 59392K, 64% used [0x00000000f5e80000,0x00000000f83dd9f8,0x00000000f9880000)
  to   space 58368K, 0% used [0x00000000efb80000,0x00000000efb80000,0x00000000f3480000)
 ParOldGen       total 146432K, used 110686K [0x00000000a0000000, 0x00000000a8f00000, 0x00000000e0000000)
  object space 146432K, 75% used [0x00000000a0000000,0x00000000a6c179d0,0x00000000a8f00000)
 Metaspace       used 71415K, capacity 74038K, committed 74752K, reserved 1114112K
  class space    used 9315K, capacity 9828K, committed 9984K, reserved 1048576K
}
Event: 139.490 GC heap before
{Heap before GC invocations=37 (full 6):
 PSYoungGen      total 316928K, used 295798K [0x00000000e0000000, 0x00000000f9880000, 0x0000000100000000)
  eden space 257536K, 100% used [0x00000000e0000000,0x00000000efb80000,0x00000000efb80000)
  from space 59392K, 64% used [0x00000000f5e80000,0x00000000f83dd9f8,0x00000000f9880000)
  to   space 58368K, 0% used [0x00000000efb80000,0x00000000efb80000,0x00000000f3480000)
 ParOldGen       total 146432K, used 110686K [0x00000000a0000000, 0x00000000a8f00000, 0x00000000e0000000)
  object space 146432K, 75% used [0x00000000a0000000,0x00000000a6c179d0,0x00000000a8f00000)
 Metaspace       used 71419K, capacity 74038K, committed 74752K, reserved 1114112K
  class space    used 9315K, capacity 9828K, committed 9984K, reserved 1048576K
Event: 139.664 GC heap after
Heap after GC invocations=37 (full 6):
 PSYoungGen      total 315904K, used 34420K [0x00000000e0000000, 0x00000000f9880000, 0x0000000100000000)
  eden space 257536K, 0% used [0x00000000e0000000,0x00000000e0000000,0x00000000efb80000)
  from space 58368K, 58% used [0x00000000efb80000,0x00000000f1d1d2b8,0x00000000f3480000)
  to   space 59392K, 0% used [0x00000000f5e80000,0x00000000f5e80000,0x00000000f9880000)
 ParOldGen       total 146432K, used 145887K [0x00000000a0000000, 0x00000000a8f00000, 0x00000000e0000000)
  object space 146432K, 99% used [0x00000000a0000000,0x00000000a8e77d50,0x00000000a8f00000)
 Metaspace       used 71419K, capacity 74038K, committed 74752K, reserved 1114112K
  class space    used 9315K, capacity 9828K, committed 9984K, reserved 1048576K
}
Event: 139.664 GC heap before
{Heap before GC invocations=38 (full 7):
 PSYoungGen      total 315904K, used 34420K [0x00000000e0000000, 0x00000000f9880000, 0x0000000100000000)
  eden space 257536K, 0% used [0x00000000e0000000,0x00000000e0000000,0x00000000efb80000)
  from space 58368K, 58% used [0x00000000efb80000,0x00000000f1d1d2b8,0x00000000f3480000)
  to   space 59392K, 0% used [0x00000000f5e80000,0x00000000f5e80000,0x00000000f9880000)
 ParOldGen       total 146432K, used 145887K [0x00000000a0000000, 0x00000000a8f00000, 0x00000000e0000000)
  object space 146432K, 99% used [0x00000000a0000000,0x00000000a8e77d50,0x00000000a8f00000)
 Metaspace       used 71419K, capacity 74038K, committed 74752K, reserved 1114112K
  class space    used 9315K, capacity 9828K, committed 9984K, reserved 1048576K
Event: 141.994 GC heap after
Heap after GC invocations=38 (full 7):
 PSYoungGen      total 315904K, used 22963K [0x00000000e0000000, 0x00000000f9880000, 0x0000000100000000)
  eden space 257536K, 0% used [0x00000000e0000000,0x00000000e0000000,0x00000000efb80000)
  from space 58368K, 39% used [0x00000000efb80000,0x00000000f11ecdf8,0x00000000f3480000)
  to   space 59392K, 0% used [0x00000000f5e80000,0x00000000f5e80000,0x00000000f9880000)
 ParOldGen       total 146432K, used 146360K [0x00000000a0000000, 0x00000000a8f00000, 0x00000000e0000000)
  object space 146432K, 99% used [0x00000000a0000000,0x00000000a8eee018,0x00000000a8f00000)
 Metaspace       used 71419K, capacity 74038K, committed 74752K, reserved 1114112K
  class space    used 9315K, capacity 9828K, committed 9984K, reserved 1048576K
}

