# JRE version: Java(TM) SE Runtime Environment (8.0_20-b26) (build 1.8.0_20-b26)
# Java VM: Java HotSpot(TM) 64-Bit Server VM (25.20-b23 mixed mode windows-amd64 compressed oops)
Heap:
 PSYoungGen      total 384000K, used 261208K [0x00000000e0000000, 0x00000000fea80000, 0x0000000100000000)
  eden space 376320K, 69% used [0x00000000e0000000,0x00000000eff16340,0x00000000f6f80000)
  from space 7680K, 0% used [0x00000000f6f80000,0x00000000f6f80000,0x00000000f7700000)
  to   space 62976K, 0% used [0x00000000fad00000,0x00000000fad00000,0x00000000fea80000)
 ParOldGen       total 199680K, used 56203K [0x00000000a0000000, 0x00000000ac300000, 0x00000000e0000000)
  object space 199680K, 28% used [0x00000000a0000000,0x00000000a36e2db8,0x00000000ac300000)
 Metaspace       used 74409K, capacity 78368K, committed 78720K, reserved 1118208K
  class space    used 9631K, capacity 10265K, committed 10368K, reserved 1048576K
GC Heap History (10 events):
Event: 3764.510 GC heap before
{Heap before GC invocations=38 (full 9):
 PSYoungGen      total 377344K, used 820K [0x00000000e0000000, 0x00000000ff780000, 0x0000000100000000)
  eden space 376320K, 0% used [0x00000000e0000000,0x00000000e0000000,0x00000000f6f80000)
  from space 1024K, 80% used [0x00000000f6f80000,0x00000000f704d078,0x00000000f7080000)
  to   space 69632K, 0% used [0x00000000fb380000,0x00000000fb380000,0x00000000ff780000)
 ParOldGen       total 199680K, used 38761K [0x00000000a0000000, 0x00000000ac300000, 0x00000000e0000000)
  object space 199680K, 19% used [0x00000000a0000000,0x00000000a25da508,0x00000000ac300000)
 Metaspace       used 71685K, capacity 74084K, committed 77696K, reserved 1116160K
  class space    used 9112K, capacity 9466K, committed 10368K, reserved 1048576K
Event: 3765.015 GC heap after
Heap after GC invocations=38 (full 9):
 PSYoungGen      total 377344K, used 0K [0x00000000e0000000, 0x00000000ff780000, 0x0000000100000000)
  eden space 376320K, 0% used [0x00000000e0000000,0x00000000e0000000,0x00000000f6f80000)
  from space 1024K, 0% used [0x00000000f6f80000,0x00000000f6f80000,0x00000000f7080000)
  to   space 69632K, 0% used [0x00000000fb380000,0x00000000fb380000,0x00000000ff780000)
 ParOldGen       total 199680K, used 37991K [0x00000000a0000000, 0x00000000ac300000, 0x00000000e0000000)
  object space 199680K, 19% used [0x00000000a0000000,0x00000000a2519e40,0x00000000ac300000)
 Metaspace       used 70906K, capacity 73266K, committed 77696K, reserved 1116160K
  class space    used 9024K, capacity 9361K, committed 10368K, reserved 1048576K
}
Event: 4003.699 GC heap before
{Heap before GC invocations=39 (full 9):
 PSYoungGen      total 377344K, used 214606K [0x00000000e0000000, 0x00000000ff780000, 0x0000000100000000)
  eden space 376320K, 57% used [0x00000000e0000000,0x00000000ed193b90,0x00000000f6f80000)
  from space 1024K, 0% used [0x00000000f6f80000,0x00000000f6f80000,0x00000000f7080000)
  to   space 69632K, 0% used [0x00000000fb380000,0x00000000fb380000,0x00000000ff780000)
 ParOldGen       total 199680K, used 37991K [0x00000000a0000000, 0x00000000ac300000, 0x00000000e0000000)
  object space 199680K, 19% used [0x00000000a0000000,0x00000000a2519e40,0x00000000ac300000)
 Metaspace       used 72813K, capacity 75970K, committed 77696K, reserved 1116160K
  class space    used 9398K, capacity 9924K, committed 10368K, reserved 1048576K
Event: 4003.721 GC heap after
Heap after GC invocations=39 (full 9):
 PSYoungGen      total 437760K, used 13535K [0x00000000e0000000, 0x00000000fef80000, 0x0000000100000000)
  eden space 376320K, 0% used [0x00000000e0000000,0x00000000e0000000,0x00000000f6f80000)
  from space 61440K, 22% used [0x00000000fb380000,0x00000000fc0b7ca8,0x00000000fef80000)
  to   space 65536K, 0% used [0x00000000f6f80000,0x00000000f6f80000,0x00000000faf80000)
 ParOldGen       total 199680K, used 37999K [0x00000000a0000000, 0x00000000ac300000, 0x00000000e0000000)
  object space 199680K, 19% used [0x00000000a0000000,0x00000000a251be40,0x00000000ac300000)
 Metaspace       used 72813K, capacity 75970K, committed 77696K, reserved 1116160K
  class space    used 9398K, capacity 9924K, committed 10368K, reserved 1048576K
}
Event: 4003.721 GC heap before
{Heap before GC invocations=40 (full 10):
 PSYoungGen      total 437760K, used 13535K [0x00000000e0000000, 0x00000000fef80000, 0x0000000100000000)
  eden space 376320K, 0% used [0x00000000e0000000,0x00000000e0000000,0x00000000f6f80000)
  from space 61440K, 22% used [0x00000000fb380000,0x00000000fc0b7ca8,0x00000000fef80000)
  to   space 65536K, 0% used [0x00000000f6f80000,0x00000000f6f80000,0x00000000faf80000)
 ParOldGen       total 199680K, used 37999K [0x00000000a0000000, 0x00000000ac300000, 0x00000000e0000000)
  object space 199680K, 19% used [0x00000000a0000000,0x00000000a251be40,0x00000000ac300000)
 Metaspace       used 72813K, capacity 75970K, committed 77696K, reserved 1116160K
  class space    used 9398K, capacity 9924K, committed 10368K, reserved 1048576K
Event: 4004.602 GC heap after
Heap after GC invocations=40 (full 10):
 PSYoungGen      total 437760K, used 0K [0x00000000e0000000, 0x00000000fef80000, 0x0000000100000000)
  eden space 376320K, 0% used [0x00000000e0000000,0x00000000e0000000,0x00000000f6f80000)
  from space 61440K, 0% used [0x00000000fb380000,0x00000000fb380000,0x00000000fef80000)
  to   space 65536K, 0% used [0x00000000f6f80000,0x00000000f6f80000,0x00000000faf80000)
 ParOldGen       total 199680K, used 50551K [0x00000000a0000000, 0x00000000ac300000, 0x00000000e0000000)
  object space 199680K, 25% used [0x00000000a0000000,0x00000000a315dd90,0x00000000ac300000)
 Metaspace       used 72813K, capacity 75970K, committed 77696K, reserved 1116160K
  class space    used 9398K, capacity 9924K, committed 10368K, reserved 1048576K
}
Event: 4935.989 GC heap before
{Heap before GC invocations=41 (full 10):
 PSYoungGen      total 437760K, used 290167K [0x00000000e0000000, 0x00000000fef80000, 0x0000000100000000)
  eden space 376320K, 77% used [0x00000000e0000000,0x00000000f1b5dde8,0x00000000f6f80000)
  from space 61440K, 0% used [0x00000000fb380000,0x00000000fb380000,0x00000000fef80000)
  to   space 65536K, 0% used [0x00000000f6f80000,0x00000000f6f80000,0x00000000faf80000)
 ParOldGen       total 199680K, used 50551K [0x00000000a0000000, 0x00000000ac300000, 0x00000000e0000000)
  object space 199680K, 25% used [0x00000000a0000000,0x00000000a315dd90,0x00000000ac300000)
 Metaspace       used 74031K, capacity 77722K, committed 78208K, reserved 1118208K
  class space    used 9589K, capacity 10204K, committed 10368K, reserved 1048576K
Event: 4936.042 GC heap after
Heap after GC invocations=41 (full 10):
 PSYoungGen      total 384000K, used 7487K [0x00000000e0000000, 0x00000000fea80000, 0x0000000100000000)
  eden space 376320K, 0% used [0x00000000e0000000,0x00000000e0000000,0x00000000f6f80000)
  from space 7680K, 97% used [0x00000000f6f80000,0x00000000f76cfdb0,0x00000000f7700000)
  to   space 62976K, 0% used [0x00000000fad00000,0x00000000fad00000,0x00000000fea80000)
 ParOldGen       total 199680K, used 50559K [0x00000000a0000000, 0x00000000ac300000, 0x00000000e0000000)
  object space 199680K, 25% used [0x00000000a0000000,0x00000000a315fd90,0x00000000ac300000)
 Metaspace       used 74031K, capacity 77722K, committed 78208K, reserved 1118208K
  class space    used 9589K, capacity 10204K, committed 10368K, reserved 1048576K
}
Event: 4936.042 GC heap before
{Heap before GC invocations=42 (full 11):
 PSYoungGen      total 384000K, used 7487K [0x00000000e0000000, 0x00000000fea80000, 0x0000000100000000)
  eden space 376320K, 0% used [0x00000000e0000000,0x00000000e0000000,0x00000000f6f80000)
  from space 7680K, 97% used [0x00000000f6f80000,0x00000000f76cfdb0,0x00000000f7700000)
  to   space 62976K, 0% used [0x00000000fad00000,0x00000000fad00000,0x00000000fea80000)
 ParOldGen       total 199680K, used 50559K [0x00000000a0000000, 0x00000000ac300000, 0x00000000e0000000)
  object space 199680K, 25% used [0x00000000a0000000,0x00000000a315fd90,0x00000000ac300000)
 Metaspace       used 74031K, capacity 77722K, committed 78208K, reserved 1118208K
  class space    used 9589K, capacity 10204K, committed 10368K, reserved 1048576K
Event: 4936.822 GC heap after
Heap after GC invocations=42 (full 11):
 PSYoungGen      total 384000K, used 0K [0x00000000e0000000, 0x00000000fea80000, 0x0000000100000000)
  eden space 376320K, 0% used [0x00000000e0000000,0x00000000e0000000,0x00000000f6f80000)
  from space 7680K, 0% used [0x00000000f6f80000,0x00000000f6f80000,0x00000000f7700000)
  to   space 62976K, 0% used [0x00000000fad00000,0x00000000fad00000,0x00000000fea80000)
 ParOldGen       total 199680K, used 56203K [0x00000000a0000000, 0x00000000ac300000, 0x00000000e0000000)
  object space 199680K, 28% used [0x00000000a0000000,0x00000000a36e2db8,0x00000000ac300000)
 Metaspace       used 74031K, capacity 77722K, committed 78208K, reserved 1118208K
  class space    used 9589K, capacity 10204K, committed 10368K, reserved 1048576K
}

