# JRE version: Java(TM) SE Runtime Environment (8.0_20-b26) (build 1.8.0_20-b26)
# Java VM: Java HotSpot(TM) 64-Bit Server VM (25.20-b23 mixed mode windows-amd64 compressed oops)
Heap:
 PSYoungGen      total 393216K, used 229617K [0x00000000e0000000, 0x0000000100000000, 0x0000000100000000)
  eden space 262144K, 87% used [0x00000000e0000000,0x00000000ee03c4b8,0x00000000f0000000)
  from space 131072K, 0% used [0x00000000f0000000,0x00000000f0000000,0x00000000f8000000)
  to   space 126976K, 0% used [0x00000000f8400000,0x00000000f8400000,0x0000000100000000)
 ParOldGen       total 275968K, used 147309K [0x00000000a0000000, 0x00000000b0d80000, 0x00000000e0000000)
  object space 275968K, 53% used [0x00000000a0000000,0x00000000a8fdb778,0x00000000b0d80000)
 Metaspace       used 74764K, capacity 77952K, committed 79104K, reserved 1118208K
  class space    used 9662K, capacity 10265K, committed 10496K, reserved 1048576K
GC Heap History (10 events):
Event: 672.063 GC heap before
{Heap before GC invocations=43 (full 7):
 PSYoungGen      total 445440K, used 445422K [0x00000000e0000000, 0x0000000100000000, 0x0000000100000000)
  eden space 366592K, 100% used [0x00000000e0000000,0x00000000f6600000,0x00000000f6600000)
  from space 78848K, 99% used [0x00000000f6600000,0x00000000fb2fb880,0x00000000fb300000)
  to   space 78848K, 0% used [0x00000000fb300000,0x00000000fb300000,0x0000000100000000)
 ParOldGen       total 216576K, used 101473K [0x00000000a0000000, 0x00000000ad380000, 0x00000000e0000000)
  object space 216576K, 46% used [0x00000000a0000000,0x00000000a63187b0,0x00000000ad380000)
 Metaspace       used 75489K, capacity 78770K, committed 79104K, reserved 1118208K
  class space    used 9748K, capacity 10370K, committed 10496K, reserved 1048576K
Event: 672.165 GC heap after
Heap after GC invocations=43 (full 7):
 PSYoungGen      total 381952K, used 75020K [0x00000000e0000000, 0x0000000100000000, 0x0000000100000000)
  eden space 303104K, 0% used [0x00000000e0000000,0x00000000e0000000,0x00000000f2800000)
  from space 78848K, 95% used [0x00000000fb300000,0x00000000ffc43140,0x0000000100000000)
  to   space 110592K, 0% used [0x00000000f2800000,0x00000000f2800000,0x00000000f9400000)
 ParOldGen       total 216576K, used 103356K [0x00000000a0000000, 0x00000000ad380000, 0x00000000e0000000)
  object space 216576K, 47% used [0x00000000a0000000,0x00000000a64ef1b0,0x00000000ad380000)
 Metaspace       used 75489K, capacity 78770K, committed 79104K, reserved 1118208K
  class space    used 9748K, capacity 10370K, committed 10496K, reserved 1048576K
}
Event: 672.962 GC heap before
{Heap before GC invocations=44 (full 7):
 PSYoungGen      total 381952K, used 378124K [0x00000000e0000000, 0x0000000100000000, 0x0000000100000000)
  eden space 303104K, 100% used [0x00000000e0000000,0x00000000f2800000,0x00000000f2800000)
  from space 78848K, 95% used [0x00000000fb300000,0x00000000ffc43140,0x0000000100000000)
  to   space 110592K, 0% used [0x00000000f2800000,0x00000000f2800000,0x00000000f9400000)
 ParOldGen       total 216576K, used 103356K [0x00000000a0000000, 0x00000000ad380000, 0x00000000e0000000)
  object space 216576K, 47% used [0x00000000a0000000,0x00000000a64ef1b0,0x00000000ad380000)
 Metaspace       used 75494K, capacity 78772K, committed 79104K, reserved 1118208K
  class space    used 9749K, capacity 10371K, committed 10496K, reserved 1048576K
Event: 673.109 GC heap after
Heap after GC invocations=44 (full 7):
 PSYoungGen      total 395776K, used 92174K [0x00000000e0000000, 0x0000000100000000, 0x0000000100000000)
  eden space 303104K, 0% used [0x00000000e0000000,0x00000000e0000000,0x00000000f2800000)
  from space 92672K, 99% used [0x00000000f2800000,0x00000000f8203b30,0x00000000f8280000)
  to   space 122880K, 0% used [0x00000000f8800000,0x00000000f8800000,0x0000000100000000)
 ParOldGen       total 216576K, used 113188K [0x00000000a0000000, 0x00000000ad380000, 0x00000000e0000000)
  object space 216576K, 52% used [0x00000000a0000000,0x00000000a6e89018,0x00000000ad380000)
 Metaspace       used 75494K, capacity 78772K, committed 79104K, reserved 1118208K
  class space    used 9749K, capacity 10371K, committed 10496K, reserved 1048576K
}
Event: 674.488 GC heap before
{Heap before GC invocations=45 (full 7):
 PSYoungGen      total 395776K, used 395278K [0x00000000e0000000, 0x0000000100000000, 0x0000000100000000)
  eden space 303104K, 100% used [0x00000000e0000000,0x00000000f2800000,0x00000000f2800000)
  from space 92672K, 99% used [0x00000000f2800000,0x00000000f8203b30,0x00000000f8280000)
  to   space 122880K, 0% used [0x00000000f8800000,0x00000000f8800000,0x0000000100000000)
 ParOldGen       total 216576K, used 113188K [0x00000000a0000000, 0x00000000ad380000, 0x00000000e0000000)
  object space 216576K, 52% used [0x00000000a0000000,0x00000000a6e89018,0x00000000ad380000)
 Metaspace       used 75535K, capacity 78772K, committed 79104K, reserved 1118208K
  class space    used 9751K, capacity 10371K, committed 10496K, reserved 1048576K
Event: 674.663 GC heap after
Heap after GC invocations=45 (full 7):
 PSYoungGen      total 385024K, used 88353K [0x00000000e0000000, 0x0000000100000000, 0x0000000100000000)
  eden space 262144K, 0% used [0x00000000e0000000,0x00000000e0000000,0x00000000f0000000)
  from space 122880K, 71% used [0x00000000f8800000,0x00000000fde48548,0x0000000100000000)
  to   space 131072K, 0% used [0x00000000f0000000,0x00000000f0000000,0x00000000f8000000)
 ParOldGen       total 216576K, used 139866K [0x00000000a0000000, 0x00000000ad380000, 0x00000000e0000000)
  object space 216576K, 64% used [0x00000000a0000000,0x00000000a8896a58,0x00000000ad380000)
 Metaspace       used 75535K, capacity 78772K, committed 79104K, reserved 1118208K
  class space    used 9751K, capacity 10371K, committed 10496K, reserved 1048576K
}
Event: 675.450 GC heap before
{Heap before GC invocations=46 (full 7):
 PSYoungGen      total 385024K, used 350497K [0x00000000e0000000, 0x0000000100000000, 0x0000000100000000)
  eden space 262144K, 100% used [0x00000000e0000000,0x00000000f0000000,0x00000000f0000000)
  from space 122880K, 71% used [0x00000000f8800000,0x00000000fde48548,0x0000000100000000)
  to   space 131072K, 0% used [0x00000000f0000000,0x00000000f0000000,0x00000000f8000000)
 ParOldGen       total 216576K, used 139866K [0x00000000a0000000, 0x00000000ad380000, 0x00000000e0000000)
  object space 216576K, 64% used [0x00000000a0000000,0x00000000a8896a58,0x00000000ad380000)
 Metaspace       used 75546K, capacity 78772K, committed 79104K, reserved 1118208K
  class space    used 9751K, capacity 10371K, committed 10496K, reserved 1048576K
Event: 675.577 GC heap after
Heap after GC invocations=46 (full 7):
 PSYoungGen      total 393216K, used 59995K [0x00000000e0000000, 0x0000000100000000, 0x0000000100000000)
  eden space 262144K, 0% used [0x00000000e0000000,0x00000000e0000000,0x00000000f0000000)
  from space 131072K, 45% used [0x00000000f0000000,0x00000000f3a96f30,0x00000000f8000000)
  to   space 126976K, 0% used [0x00000000f8400000,0x00000000f8400000,0x0000000100000000)
 ParOldGen       total 216576K, used 176517K [0x00000000a0000000, 0x00000000ad380000, 0x00000000e0000000)
  object space 216576K, 81% used [0x00000000a0000000,0x00000000aac61420,0x00000000ad380000)
 Metaspace       used 75546K, capacity 78772K, committed 79104K, reserved 1118208K
  class space    used 9751K, capacity 10371K, committed 10496K, reserved 1048576K
}
Event: 675.577 GC heap before
{Heap before GC invocations=47 (full 8):
 PSYoungGen      total 393216K, used 59995K [0x00000000e0000000, 0x0000000100000000, 0x0000000100000000)
  eden space 262144K, 0% used [0x00000000e0000000,0x00000000e0000000,0x00000000f0000000)
  from space 131072K, 45% used [0x00000000f0000000,0x00000000f3a96f30,0x00000000f8000000)
  to   space 126976K, 0% used [0x00000000f8400000,0x00000000f8400000,0x0000000100000000)
 ParOldGen       total 216576K, used 176517K [0x00000000a0000000, 0x00000000ad380000, 0x00000000e0000000)
  object space 216576K, 81% used [0x00000000a0000000,0x00000000aac61420,0x00000000ad380000)
 Metaspace       used 75546K, capacity 78772K, committed 79104K, reserved 1118208K
  class space    used 9751K, capacity 10371K, committed 10496K, reserved 1048576K
Event: 676.538 GC heap after
Heap after GC invocations=47 (full 8):
 PSYoungGen      total 393216K, used 0K [0x00000000e0000000, 0x0000000100000000, 0x0000000100000000)
  eden space 262144K, 0% used [0x00000000e0000000,0x00000000e0000000,0x00000000f0000000)
  from space 131072K, 0% used [0x00000000f0000000,0x00000000f0000000,0x00000000f8000000)
  to   space 126976K, 0% used [0x00000000f8400000,0x00000000f8400000,0x0000000100000000)
 ParOldGen       total 275968K, used 147309K [0x00000000a0000000, 0x00000000b0d80000, 0x00000000e0000000)
  object space 275968K, 53% used [0x00000000a0000000,0x00000000a8fdb778,0x00000000b0d80000)
 Metaspace       used 74763K, capacity 77952K, committed 79104K, reserved 1118208K
  class space    used 9662K, capacity 10265K, committed 10496K, reserved 1048576K
}

