# JRE version: Java(TM) SE Runtime Environment (8.0_20-b26) (build 1.8.0_20-b26)
# Java VM: Java HotSpot(TM) 64-Bit Server VM (25.20-b23 mixed mode windows-amd64 compressed oops)
Heap:
 PSYoungGen      total 452096K, used 28715K [0x00000000e0000000, 0x00000000fff00000, 0x0000000100000000)
  eden space 381952K, 7% used [0x00000000e0000000,0x00000000e1c0aef0,0x00000000f7500000)
  from space 70144K, 0% used [0x00000000fba80000,0x00000000fba80000,0x00000000fff00000)
  to   space 70656K, 0% used [0x00000000f7500000,0x00000000f7500000,0x00000000fba00000)
 ParOldGen       total 261120K, used 38222K [0x00000000a0000000, 0x00000000aff00000, 0x00000000e0000000)
  object space 261120K, 14% used [0x00000000a0000000,0x00000000a2553950,0x00000000aff00000)
 Metaspace       used 74720K, capacity 76680K, committed 80768K, reserved 1120256K
  class space    used 9453K, capacity 9788K, committed 10624K, reserved 1048576K
GC Heap History (10 events):
Event: 2604.002 GC heap before
{Heap before GC invocations=43 (full 6):
 PSYoungGen      total 448512K, used 391168K [0x00000000e0000000, 0x0000000100000000, 0x0000000100000000)
  eden space 391168K, 100% used [0x00000000e0000000,0x00000000f7e00000,0x00000000f7e00000)
  from space 57344K, 0% used [0x00000000fc800000,0x00000000fc800000,0x0000000100000000)
  to   space 66560K, 0% used [0x00000000f7e00000,0x00000000f7e00000,0x00000000fbf00000)
 ParOldGen       total 261120K, used 156483K [0x00000000a0000000, 0x00000000aff00000, 0x00000000e0000000)
  object space 261120K, 59% used [0x00000000a0000000,0x00000000a98d0ec0,0x00000000aff00000)
 Metaspace       used 74513K, capacity 76530K, committed 80768K, reserved 1120256K
  class space    used 9434K, capacity 9760K, committed 10624K, reserved 1048576K
Event: 2604.088 GC heap after
Heap after GC invocations=43 (full 6):
 PSYoungGen      total 436224K, used 44682K [0x00000000e0000000, 0x0000000100000000, 0x0000000100000000)
  eden space 391168K, 0% used [0x00000000e0000000,0x00000000e0000000,0x00000000f7e00000)
  from space 45056K, 99% used [0x00000000f7e00000,0x00000000fa9a2ba8,0x00000000faa00000)
  to   space 70144K, 0% used [0x00000000fbb80000,0x00000000fbb80000,0x0000000100000000)
 ParOldGen       total 261120K, used 156483K [0x00000000a0000000, 0x00000000aff00000, 0x00000000e0000000)
  object space 261120K, 59% used [0x00000000a0000000,0x00000000a98d0ec0,0x00000000aff00000)
 Metaspace       used 74513K, capacity 76530K, committed 80768K, reserved 1120256K
  class space    used 9434K, capacity 9760K, committed 10624K, reserved 1048576K
}
Event: 2605.184 GC heap before
{Heap before GC invocations=44 (full 6):
 PSYoungGen      total 436224K, used 435850K [0x00000000e0000000, 0x0000000100000000, 0x0000000100000000)
  eden space 391168K, 100% used [0x00000000e0000000,0x00000000f7e00000,0x00000000f7e00000)
  from space 45056K, 99% used [0x00000000f7e00000,0x00000000fa9a2ba8,0x00000000faa00000)
  to   space 70144K, 0% used [0x00000000fbb80000,0x00000000fbb80000,0x0000000100000000)
 ParOldGen       total 261120K, used 156483K [0x00000000a0000000, 0x00000000aff00000, 0x00000000e0000000)
  object space 261120K, 59% used [0x00000000a0000000,0x00000000a98d0ec0,0x00000000aff00000)
 Metaspace       used 74523K, capacity 76530K, committed 80768K, reserved 1120256K
  class space    used 9434K, capacity 9760K, committed 10624K, reserved 1048576K
Event: 2605.343 GC heap after
Heap after GC invocations=44 (full 6):
 PSYoungGen      total 450048K, used 42954K [0x00000000e0000000, 0x0000000100000000, 0x0000000100000000)
  eden space 379904K, 0% used [0x00000000e0000000,0x00000000e0000000,0x00000000f7300000)
  from space 70144K, 61% used [0x00000000fbb80000,0x00000000fe572b80,0x0000000100000000)
  to   space 72192K, 0% used [0x00000000f7300000,0x00000000f7300000,0x00000000fb980000)
 ParOldGen       total 261120K, used 186079K [0x00000000a0000000, 0x00000000aff00000, 0x00000000e0000000)
  object space 261120K, 71% used [0x00000000a0000000,0x00000000ab5b7c18,0x00000000aff00000)
 Metaspace       used 74523K, capacity 76530K, committed 80768K, reserved 1120256K
  class space    used 9434K, capacity 9760K, committed 10624K, reserved 1048576K
}
Event: 2606.809 GC heap before
{Heap before GC invocations=45 (full 6):
 PSYoungGen      total 450048K, used 422208K [0x00000000e0000000, 0x0000000100000000, 0x0000000100000000)
  eden space 379904K, 99% used [0x00000000e0000000,0x00000000f725d580,0x00000000f7300000)
  from space 70144K, 61% used [0x00000000fbb80000,0x00000000fe572b80,0x0000000100000000)
  to   space 72192K, 0% used [0x00000000f7300000,0x00000000f7300000,0x00000000fb980000)
 ParOldGen       total 261120K, used 186079K [0x00000000a0000000, 0x00000000aff00000, 0x00000000e0000000)
  object space 261120K, 71% used [0x00000000a0000000,0x00000000ab5b7c18,0x00000000aff00000)
 Metaspace       used 74605K, capacity 76592K, committed 80768K, reserved 1120256K
  class space    used 9441K, capacity 9771K, committed 10624K, reserved 1048576K
Event: 2606.843 GC heap after
Heap after GC invocations=45 (full 6):
 PSYoungGen      total 452096K, used 8464K [0x00000000e0000000, 0x0000000100000000, 0x0000000100000000)
  eden space 379904K, 0% used [0x00000000e0000000,0x00000000e0000000,0x00000000f7300000)
  from space 72192K, 11% used [0x00000000f7300000,0x00000000f7b44160,0x00000000fb980000)
  to   space 71168K, 0% used [0x00000000fba80000,0x00000000fba80000,0x0000000100000000)
 ParOldGen       total 261120K, used 195456K [0x00000000a0000000, 0x00000000aff00000, 0x00000000e0000000)
  object space 261120K, 74% used [0x00000000a0000000,0x00000000abee0298,0x00000000aff00000)
 Metaspace       used 74605K, capacity 76592K, committed 80768K, reserved 1120256K
  class space    used 9441K, capacity 9771K, committed 10624K, reserved 1048576K
}
Event: 2607.176 GC heap before
{Heap before GC invocations=46 (full 6):
 PSYoungGen      total 452096K, used 146765K [0x00000000e0000000, 0x0000000100000000, 0x0000000100000000)
  eden space 379904K, 36% used [0x00000000e0000000,0x00000000e870f348,0x00000000f7300000)
  from space 72192K, 11% used [0x00000000f7300000,0x00000000f7b44160,0x00000000fb980000)
  to   space 71168K, 0% used [0x00000000fba80000,0x00000000fba80000,0x0000000100000000)
 ParOldGen       total 261120K, used 195456K [0x00000000a0000000, 0x00000000aff00000, 0x00000000e0000000)
  object space 261120K, 74% used [0x00000000a0000000,0x00000000abee0298,0x00000000aff00000)
 Metaspace       used 74631K, capacity 76616K, committed 80768K, reserved 1120256K
  class space    used 9444K, capacity 9775K, committed 10624K, reserved 1048576K
Event: 2607.182 GC heap after
Heap after GC invocations=46 (full 6):
 PSYoungGen      total 452096K, used 160K [0x00000000e0000000, 0x00000000fff00000, 0x0000000100000000)
  eden space 381952K, 0% used [0x00000000e0000000,0x00000000e0000000,0x00000000f7500000)
  from space 70144K, 0% used [0x00000000fba80000,0x00000000fbaa8000,0x00000000fff00000)
  to   space 70656K, 0% used [0x00000000f7500000,0x00000000f7500000,0x00000000fba00000)
 ParOldGen       total 261120K, used 196989K [0x00000000a0000000, 0x00000000aff00000, 0x00000000e0000000)
  object space 261120K, 75% used [0x00000000a0000000,0x00000000ac05f490,0x00000000aff00000)
 Metaspace       used 74631K, capacity 76616K, committed 80768K, reserved 1120256K
  class space    used 9444K, capacity 9775K, committed 10624K, reserved 1048576K
}
Event: 2607.182 GC heap before
{Heap before GC invocations=47 (full 7):
 PSYoungGen      total 452096K, used 160K [0x00000000e0000000, 0x00000000fff00000, 0x0000000100000000)
  eden space 381952K, 0% used [0x00000000e0000000,0x00000000e0000000,0x00000000f7500000)
  from space 70144K, 0% used [0x00000000fba80000,0x00000000fbaa8000,0x00000000fff00000)
  to   space 70656K, 0% used [0x00000000f7500000,0x00000000f7500000,0x00000000fba00000)
 ParOldGen       total 261120K, used 196989K [0x00000000a0000000, 0x00000000aff00000, 0x00000000e0000000)
  object space 261120K, 75% used [0x00000000a0000000,0x00000000ac05f490,0x00000000aff00000)
 Metaspace       used 74631K, capacity 76616K, committed 80768K, reserved 1120256K
  class space    used 9444K, capacity 9775K, committed 10624K, reserved 1048576K
Event: 2607.564 GC heap after
Heap after GC invocations=47 (full 7):
 PSYoungGen      total 452096K, used 0K [0x00000000e0000000, 0x00000000fff00000, 0x0000000100000000)
  eden space 381952K, 0% used [0x00000000e0000000,0x00000000e0000000,0x00000000f7500000)
  from space 70144K, 0% used [0x00000000fba80000,0x00000000fba80000,0x00000000fff00000)
  to   space 70656K, 0% used [0x00000000f7500000,0x00000000f7500000,0x00000000fba00000)
 ParOldGen       total 261120K, used 38222K [0x00000000a0000000, 0x00000000aff00000, 0x00000000e0000000)
  object space 261120K, 14% used [0x00000000a0000000,0x00000000a2553950,0x00000000aff00000)
 Metaspace       used 74589K, capacity 76496K, committed 80768K, reserved 1120256K
  class space    used 9433K, capacity 9755K, committed 10624K, reserved 1048576K
}

