# JRE version: Java(TM) SE Runtime Environment (8.0_20-b26) (build 1.8.0_20-b26)
# Java VM: Java HotSpot(TM) 64-Bit Server VM (25.20-b23 mixed mode windows-amd64 compressed oops)
Heap:
 PSYoungGen      total 101376K, used 58974K [0x00000000e0000000, 0x00000000e6d00000, 0x0000000100000000)
  eden space 94208K, 62% used [0x00000000e0000000,0x00000000e3997b40,0x00000000e5c00000)
  from space 7168K, 0% used [0x00000000e6600000,0x00000000e6600000,0x00000000e6d00000)
  to   space 8704K, 0% used [0x00000000e5c00000,0x00000000e5c00000,0x00000000e6480000)
 ParOldGen       total 58368K, used 14782K [0x00000000a0000000, 0x00000000a3900000, 0x00000000e0000000)
  object space 58368K, 25% used [0x00000000a0000000,0x00000000a0e6f978,0x00000000a3900000)
 Metaspace       used 41308K, capacity 42062K, committed 42496K, reserved 1085440K
  class space    used 5645K, capacity 5801K, committed 5888K, reserved 1048576K
GC Heap History (10 events):
Event: 40.316 GC heap before
{Heap before GC invocations=10 (full 1):
 PSYoungGen      total 52736K, used 48496K [0x00000000e0000000, 0x00000000e3c80000, 0x0000000100000000)
  eden space 44544K, 100% used [0x00000000e0000000,0x00000000e2b80000,0x00000000e2b80000)
  from space 8192K, 48% used [0x00000000e3480000,0x00000000e385c0a0,0x00000000e3c80000)
  to   space 8704K, 0% used [0x00000000e2b80000,0x00000000e2b80000,0x00000000e3400000)
 ParOldGen       total 39936K, used 7435K [0x00000000a0000000, 0x00000000a2700000, 0x00000000e0000000)
  object space 39936K, 18% used [0x00000000a0000000,0x00000000a0742d78,0x00000000a2700000)
 Metaspace       used 27762K, capacity 28226K, committed 28544K, reserved 1073152K
  class space    used 3866K, capacity 3965K, committed 3968K, reserved 1048576K
Event: 40.362 GC heap after
Heap after GC invocations=10 (full 1):
 PSYoungGen      total 53248K, used 6112K [0x00000000e0000000, 0x00000000e5280000, 0x0000000100000000)
  eden space 44544K, 0% used [0x00000000e0000000,0x00000000e0000000,0x00000000e2b80000)
  from space 8704K, 70% used [0x00000000e2b80000,0x00000000e3178168,0x00000000e3400000)
  to   space 8704K, 0% used [0x00000000e4a00000,0x00000000e4a00000,0x00000000e5280000)
 ParOldGen       total 39936K, used 7443K [0x00000000a0000000, 0x00000000a2700000, 0x00000000e0000000)
  object space 39936K, 18% used [0x00000000a0000000,0x00000000a0744d78,0x00000000a2700000)
 Metaspace       used 27762K, capacity 28226K, committed 28544K, reserved 1073152K
  class space    used 3866K, capacity 3965K, committed 3968K, reserved 1048576K
}
Event: 41.706 GC heap before
{Heap before GC invocations=11 (full 1):
 PSYoungGen      total 53248K, used 50656K [0x00000000e0000000, 0x00000000e5280000, 0x0000000100000000)
  eden space 44544K, 100% used [0x00000000e0000000,0x00000000e2b80000,0x00000000e2b80000)
  from space 8704K, 70% used [0x00000000e2b80000,0x00000000e3178168,0x00000000e3400000)
  to   space 8704K, 0% used [0x00000000e4a00000,0x00000000e4a00000,0x00000000e5280000)
 ParOldGen       total 39936K, used 7443K [0x00000000a0000000, 0x00000000a2700000, 0x00000000e0000000)
  object space 39936K, 18% used [0x00000000a0000000,0x00000000a0744d78,0x00000000a2700000)
 Metaspace       used 28071K, capacity 28506K, committed 28928K, reserved 1075200K
  class space    used 3873K, capacity 3969K, committed 4096K, reserved 1048576K
Event: 41.722 GC heap after
Heap after GC invocations=11 (full 1):
 PSYoungGen      total 73728K, used 1728K [0x00000000e0000000, 0x00000000e5180000, 0x0000000100000000)
  eden space 66048K, 0% used [0x00000000e0000000,0x00000000e0000000,0x00000000e4080000)
  from space 7680K, 22% used [0x00000000e4a00000,0x00000000e4bb0010,0x00000000e5180000)
  to   space 8704K, 0% used [0x00000000e4080000,0x00000000e4080000,0x00000000e4900000)
 ParOldGen       total 39936K, used 9799K [0x00000000a0000000, 0x00000000a2700000, 0x00000000e0000000)
  object space 39936K, 24% used [0x00000000a0000000,0x00000000a0991d98,0x00000000a2700000)
 Metaspace       used 28071K, capacity 28506K, committed 28928K, reserved 1075200K
  class space    used 3873K, capacity 3969K, committed 4096K, reserved 1048576K
}
Event: 53.842 GC heap before
{Heap before GC invocations=12 (full 1):
 PSYoungGen      total 73728K, used 67776K [0x00000000e0000000, 0x00000000e5180000, 0x0000000100000000)
  eden space 66048K, 100% used [0x00000000e0000000,0x00000000e4080000,0x00000000e4080000)
  from space 7680K, 22% used [0x00000000e4a00000,0x00000000e4bb0010,0x00000000e5180000)
  to   space 8704K, 0% used [0x00000000e4080000,0x00000000e4080000,0x00000000e4900000)
 ParOldGen       total 39936K, used 9799K [0x00000000a0000000, 0x00000000a2700000, 0x00000000e0000000)
  object space 39936K, 24% used [0x00000000a0000000,0x00000000a0991d98,0x00000000a2700000)
 Metaspace       used 32851K, capacity 33486K, committed 33920K, reserved 1079296K
  class space    used 4508K, capacity 4698K, committed 4736K, reserved 1048576K
Event: 53.864 GC heap after
Heap after GC invocations=12 (full 1):
 PSYoungGen      total 74752K, used 5843K [0x00000000e0000000, 0x00000000e6e80000, 0x0000000100000000)
  eden space 66048K, 0% used [0x00000000e0000000,0x00000000e0000000,0x00000000e4080000)
  from space 8704K, 67% used [0x00000000e4080000,0x00000000e4634ec8,0x00000000e4900000)
  to   space 8704K, 0% used [0x00000000e6600000,0x00000000e6600000,0x00000000e6e80000)
 ParOldGen       total 39936K, used 10687K [0x00000000a0000000, 0x00000000a2700000, 0x00000000e0000000)
  object space 39936K, 26% used [0x00000000a0000000,0x00000000a0a6fdc0,0x00000000a2700000)
 Metaspace       used 32851K, capacity 33486K, committed 33920K, reserved 1079296K
  class space    used 4508K, capacity 4698K, committed 4736K, reserved 1048576K
}
Event: 56.033 GC heap before
{Heap before GC invocations=13 (full 1):
 PSYoungGen      total 74752K, used 44575K [0x00000000e0000000, 0x00000000e6e80000, 0x0000000100000000)
  eden space 66048K, 58% used [0x00000000e0000000,0x00000000e25d2e88,0x00000000e4080000)
  from space 8704K, 67% used [0x00000000e4080000,0x00000000e4634ec8,0x00000000e4900000)
  to   space 8704K, 0% used [0x00000000e6600000,0x00000000e6600000,0x00000000e6e80000)
 ParOldGen       total 39936K, used 10687K [0x00000000a0000000, 0x00000000a2700000, 0x00000000e0000000)
  object space 39936K, 26% used [0x00000000a0000000,0x00000000a0a6fdc0,0x00000000a2700000)
 Metaspace       used 34442K, capacity 35032K, committed 35456K, reserved 1079296K
  class space    used 4705K, capacity 4865K, committed 4992K, reserved 1048576K
Event: 56.049 GC heap after
Heap after GC invocations=13 (full 1):
 PSYoungGen      total 101376K, used 2813K [0x00000000e0000000, 0x00000000e6d00000, 0x0000000100000000)
  eden space 94208K, 0% used [0x00000000e0000000,0x00000000e0000000,0x00000000e5c00000)
  from space 7168K, 39% used [0x00000000e6600000,0x00000000e68bf4c8,0x00000000e6d00000)
  to   space 8704K, 0% used [0x00000000e5c00000,0x00000000e5c00000,0x00000000e6480000)
 ParOldGen       total 39936K, used 12573K [0x00000000a0000000, 0x00000000a2700000, 0x00000000e0000000)
  object space 39936K, 31% used [0x00000000a0000000,0x00000000a0c47600,0x00000000a2700000)
 Metaspace       used 34442K, capacity 35032K, committed 35456K, reserved 1079296K
  class space    used 4705K, capacity 4865K, committed 4992K, reserved 1048576K
}
Event: 56.049 GC heap before
{Heap before GC invocations=14 (full 2):
 PSYoungGen      total 101376K, used 2813K [0x00000000e0000000, 0x00000000e6d00000, 0x0000000100000000)
  eden space 94208K, 0% used [0x00000000e0000000,0x00000000e0000000,0x00000000e5c00000)
  from space 7168K, 39% used [0x00000000e6600000,0x00000000e68bf4c8,0x00000000e6d00000)
  to   space 8704K, 0% used [0x00000000e5c00000,0x00000000e5c00000,0x00000000e6480000)
 ParOldGen       total 39936K, used 12573K [0x00000000a0000000, 0x00000000a2700000, 0x00000000e0000000)
  object space 39936K, 31% used [0x00000000a0000000,0x00000000a0c47600,0x00000000a2700000)
 Metaspace       used 34442K, capacity 35032K, committed 35456K, reserved 1079296K
  class space    used 4705K, capacity 4865K, committed 4992K, reserved 1048576K
Event: 56.478 GC heap after
Heap after GC invocations=14 (full 2):
 PSYoungGen      total 101376K, used 0K [0x00000000e0000000, 0x00000000e6d00000, 0x0000000100000000)
  eden space 94208K, 0% used [0x00000000e0000000,0x00000000e0000000,0x00000000e5c00000)
  from space 7168K, 0% used [0x00000000e6600000,0x00000000e6600000,0x00000000e6d00000)
  to   space 8704K, 0% used [0x00000000e5c00000,0x00000000e5c00000,0x00000000e6480000)
 ParOldGen       total 58368K, used 14782K [0x00000000a0000000, 0x00000000a3900000, 0x00000000e0000000)
  object space 58368K, 25% used [0x00000000a0000000,0x00000000a0e6f978,0x00000000a3900000)
 Metaspace       used 34442K, capacity 35032K, committed 35456K, reserved 1079296K
  class space    used 4705K, capacity 4865K, committed 4992K, reserved 1048576K
}

