# JRE version: Java(TM) SE Runtime Environment (8.0_20-b26) (build 1.8.0_20-b26)
# Java VM: Java HotSpot(TM) 64-Bit Server VM (25.20-b23 mixed mode windows-amd64 compressed oops)
Heap:
 PSYoungGen      total 314880K, used 75080K [0x00000000e0000000, 0x00000000f5580000, 0x0000000100000000)
  eden space 290816K, 25% used [0x00000000e0000000,0x00000000e4952178,0x00000000f1c00000)
  from space 24064K, 0% used [0x00000000f3800000,0x00000000f3800000,0x00000000f4f80000)
  to   space 28672K, 0% used [0x00000000f1c00000,0x00000000f1c00000,0x00000000f3800000)
 ParOldGen       total 146944K, used 101349K [0x00000000a0000000, 0x00000000a8f80000, 0x00000000e0000000)
  object space 146944K, 68% used [0x00000000a0000000,0x00000000a62f9510,0x00000000a8f80000)
 Metaspace       used 65501K, capacity 67174K, committed 67672K, reserved 1107968K
  class space    used 8435K, capacity 8751K, committed 8832K, reserved 1048576K
GC Heap History (10 events):
Event: 76.912 GC heap before
{Heap before GC invocations=29 (full 7):
 PSYoungGen      total 314880K, used 290816K [0x00000000e0000000, 0x00000000f5580000, 0x0000000100000000)
  eden space 290816K, 100% used [0x00000000e0000000,0x00000000f1c00000,0x00000000f1c00000)
  from space 24064K, 0% used [0x00000000f3800000,0x00000000f3800000,0x00000000f4f80000)
  to   space 28672K, 0% used [0x00000000f1c00000,0x00000000f1c00000,0x00000000f3800000)
 ParOldGen       total 139264K, used 116360K [0x00000000a0000000, 0x00000000a8800000, 0x00000000e0000000)
  object space 139264K, 83% used [0x00000000a0000000,0x00000000a71a20a8,0x00000000a8800000)
 Metaspace       used 65455K, capacity 67110K, committed 67672K, reserved 1107968K
  class space    used 8435K, capacity 8751K, committed 8832K, reserved 1048576K
Event: 78.264 GC heap after
Heap after GC invocations=29 (full 7):
 PSYoungGen      total 314880K, used 14772K [0x00000000e0000000, 0x00000000f5580000, 0x0000000100000000)
  eden space 290816K, 5% used [0x00000000e0000000,0x00000000e0e6d168,0x00000000f1c00000)
  from space 24064K, 0% used [0x00000000f3800000,0x00000000f3800000,0x00000000f4f80000)
  to   space 28672K, 0% used [0x00000000f1c00000,0x00000000f1c00000,0x00000000f3800000)
 ParOldGen       total 139264K, used 139150K [0x00000000a0000000, 0x00000000a8800000, 0x00000000e0000000)
  object space 139264K, 99% used [0x00000000a0000000,0x00000000a87e3850,0x00000000a8800000)
 Metaspace       used 65455K, capacity 67110K, committed 67672K, reserved 1107968K
  class space    used 8435K, capacity 8751K, committed 8832K, reserved 1048576K
}
Event: 79.806 GC heap before
{Heap before GC invocations=30 (full 8):
 PSYoungGen      total 314880K, used 290816K [0x00000000e0000000, 0x00000000f5580000, 0x0000000100000000)
  eden space 290816K, 100% used [0x00000000e0000000,0x00000000f1c00000,0x00000000f1c00000)
  from space 24064K, 0% used [0x00000000f3800000,0x00000000f3800000,0x00000000f4f80000)
  to   space 28672K, 0% used [0x00000000f1c00000,0x00000000f1c00000,0x00000000f3800000)
 ParOldGen       total 146944K, used 146510K [0x00000000a0000000, 0x00000000a8f80000, 0x00000000e0000000)
  object space 146944K, 99% used [0x00000000a0000000,0x00000000a8f13b08,0x00000000a8f80000)
 Metaspace       used 65481K, capacity 67174K, committed 67672K, reserved 1107968K
  class space    used 8435K, capacity 8751K, committed 8832K, reserved 1048576K
Event: 80.349 GC heap after
Heap after GC invocations=30 (full 8):
 PSYoungGen      total 314880K, used 0K [0x00000000e0000000, 0x00000000f5580000, 0x0000000100000000)
  eden space 290816K, 0% used [0x00000000e0000000,0x00000000e0000000,0x00000000f1c00000)
  from space 24064K, 0% used [0x00000000f3800000,0x00000000f3800000,0x00000000f4f80000)
  to   space 28672K, 0% used [0x00000000f1c00000,0x00000000f1c00000,0x00000000f3800000)
 ParOldGen       total 146944K, used 84257K [0x00000000a0000000, 0x00000000a8f80000, 0x00000000e0000000)
  object space 146944K, 57% used [0x00000000a0000000,0x00000000a52487d8,0x00000000a8f80000)
 Metaspace       used 65481K, capacity 67174K, committed 67672K, reserved 1107968K
  class space    used 8435K, capacity 8751K, committed 8832K, reserved 1048576K
}
Event: 81.347 GC heap before
{Heap before GC invocations=31 (full 8):
 PSYoungGen      total 314880K, used 290816K [0x00000000e0000000, 0x00000000f5580000, 0x0000000100000000)
  eden space 290816K, 100% used [0x00000000e0000000,0x00000000f1c00000,0x00000000f1c00000)
  from space 24064K, 0% used [0x00000000f3800000,0x00000000f3800000,0x00000000f4f80000)
  to   space 28672K, 0% used [0x00000000f1c00000,0x00000000f1c00000,0x00000000f3800000)
 ParOldGen       total 146944K, used 84259K [0x00000000a0000000, 0x00000000a8f80000, 0x00000000e0000000)
  object space 146944K, 57% used [0x00000000a0000000,0x00000000a5248f90,0x00000000a8f80000)
 Metaspace       used 65492K, capacity 67174K, committed 67672K, reserved 1107968K
  class space    used 8435K, capacity 8751K, committed 8832K, reserved 1048576K
Event: 81.386 GC heap after
Heap after GC invocations=31 (full 8):
 PSYoungGen      total 319488K, used 28664K [0x00000000e0000000, 0x00000000f5580000, 0x0000000100000000)
  eden space 290816K, 0% used [0x00000000e0000000,0x00000000e0000000,0x00000000f1c00000)
  from space 28672K, 99% used [0x00000000f1c00000,0x00000000f37fe150,0x00000000f3800000)
  to   space 24064K, 0% used [0x00000000f3800000,0x00000000f3800000,0x00000000f4f80000)
 ParOldGen       total 146944K, used 85514K [0x00000000a0000000, 0x00000000a8f80000, 0x00000000e0000000)
  object space 146944K, 58% used [0x00000000a0000000,0x00000000a5382980,0x00000000a8f80000)
 Metaspace       used 65492K, capacity 67174K, committed 67672K, reserved 1107968K
  class space    used 8435K, capacity 8751K, committed 8832K, reserved 1048576K
}
Event: 82.778 GC heap before
{Heap before GC invocations=32 (full 8):
 PSYoungGen      total 319488K, used 319480K [0x00000000e0000000, 0x00000000f5580000, 0x0000000100000000)
  eden space 290816K, 100% used [0x00000000e0000000,0x00000000f1c00000,0x00000000f1c00000)
  from space 28672K, 99% used [0x00000000f1c00000,0x00000000f37fe150,0x00000000f3800000)
  to   space 24064K, 0% used [0x00000000f3800000,0x00000000f3800000,0x00000000f4f80000)
 ParOldGen       total 146944K, used 85514K [0x00000000a0000000, 0x00000000a8f80000, 0x00000000e0000000)
  object space 146944K, 58% used [0x00000000a0000000,0x00000000a5382980,0x00000000a8f80000)
 Metaspace       used 65494K, capacity 67174K, committed 67672K, reserved 1107968K
  class space    used 8435K, capacity 8751K, committed 8832K, reserved 1048576K
Event: 82.835 GC heap after
Heap after GC invocations=32 (full 8):
 PSYoungGen      total 314880K, used 24052K [0x00000000e0000000, 0x00000000f5580000, 0x0000000100000000)
  eden space 290816K, 0% used [0x00000000e0000000,0x00000000e0000000,0x00000000f1c00000)
  from space 24064K, 99% used [0x00000000f3800000,0x00000000f4f7d340,0x00000000f4f80000)
  to   space 28672K, 0% used [0x00000000f1c00000,0x00000000f1c00000,0x00000000f3800000)
 ParOldGen       total 146944K, used 110597K [0x00000000a0000000, 0x00000000a8f80000, 0x00000000e0000000)
  object space 146944K, 75% used [0x00000000a0000000,0x00000000a6c01450,0x00000000a8f80000)
 Metaspace       used 65494K, capacity 67174K, committed 67672K, reserved 1107968K
  class space    used 8435K, capacity 8751K, committed 8832K, reserved 1048576K
}
Event: 82.835 GC heap before
{Heap before GC invocations=33 (full 9):
 PSYoungGen      total 314880K, used 24052K [0x00000000e0000000, 0x00000000f5580000, 0x0000000100000000)
  eden space 290816K, 0% used [0x00000000e0000000,0x00000000e0000000,0x00000000f1c00000)
  from space 24064K, 99% used [0x00000000f3800000,0x00000000f4f7d340,0x00000000f4f80000)
  to   space 28672K, 0% used [0x00000000f1c00000,0x00000000f1c00000,0x00000000f3800000)
 ParOldGen       total 146944K, used 110597K [0x00000000a0000000, 0x00000000a8f80000, 0x00000000e0000000)
  object space 146944K, 75% used [0x00000000a0000000,0x00000000a6c01450,0x00000000a8f80000)
 Metaspace       used 65494K, capacity 67174K, committed 67672K, reserved 1107968K
  class space    used 8435K, capacity 8751K, committed 8832K, reserved 1048576K
Event: 83.687 GC heap after
Heap after GC invocations=33 (full 9):
 PSYoungGen      total 314880K, used 0K [0x00000000e0000000, 0x00000000f5580000, 0x0000000100000000)
  eden space 290816K, 0% used [0x00000000e0000000,0x00000000e0000000,0x00000000f1c00000)
  from space 24064K, 0% used [0x00000000f3800000,0x00000000f3800000,0x00000000f4f80000)
  to   space 28672K, 0% used [0x00000000f1c00000,0x00000000f1c00000,0x00000000f3800000)
 ParOldGen       total 146944K, used 101349K [0x00000000a0000000, 0x00000000a8f80000, 0x00000000e0000000)
  object space 146944K, 68% used [0x00000000a0000000,0x00000000a62f9510,0x00000000a8f80000)
 Metaspace       used 65494K, capacity 67174K, committed 67672K, reserved 1107968K
  class space    used 8435K, capacity 8751K, committed 8832K, reserved 1048576K
}

