# JRE version: Java(TM) SE Runtime Environment (8.0_20-b26) (build 1.8.0_20-b26)
# Java VM: Java HotSpot(TM) 64-Bit Server VM (25.20-b23 mixed mode windows-amd64 compressed oops)
Heap:
 PSYoungGen      total 178176K, used 172281K [0x00000000e0000000, 0x00000000f0100000, 0x0000000100000000)
  eden space 150528K, 100% used [0x00000000e0000000,0x00000000e9300000,0x00000000e9300000)
  from space 27648K, 78% used [0x00000000e9300000,0x00000000ea83e728,0x00000000eae00000)
  to   space 29696K, 4% used [0x00000000ee400000,0x00000000ee5305a8,0x00000000f0100000)
 ParOldGen       total 137728K, used 91312K [0x00000000a0000000, 0x00000000a8680000, 0x00000000e0000000)
  object space 137728K, 66% used [0x00000000a0000000,0x00000000a592e168,0x00000000a8680000)
 Metaspace       used 71818K, capacity 74506K, committed 74752K, reserved 1114112K
  class space    used 9383K, capacity 9912K, committed 9984K, reserved 1048576K
GC Heap History (10 events):
Event: 552.554 GC heap before
{Heap before GC invocations=21 (full 4):
 PSYoungGen      total 168448K, used 15346K [0x00000000e0000000, 0x00000000ec680000, 0x0000000100000000)
  eden space 153088K, 0% used [0x00000000e0000000,0x00000000e0000000,0x00000000e9580000)
  from space 15360K, 99% used [0x00000000e9e00000,0x00000000eacfcad8,0x00000000ead00000)
  to   space 25088K, 0% used [0x00000000eae00000,0x00000000eae00000,0x00000000ec680000)
 ParOldGen       total 63488K, used 63055K [0x00000000a0000000, 0x00000000a3e00000, 0x00000000e0000000)
  object space 63488K, 99% used [0x00000000a0000000,0x00000000a3d93e10,0x00000000a3e00000)
 Metaspace       used 64775K, capacity 67228K, committed 67328K, reserved 1107968K
  class space    used 8672K, capacity 9169K, committed 9216K, reserved 1048576K
Event: 560.105 GC heap after
Heap after GC invocations=21 (full 4):
 PSYoungGen      total 168448K, used 13668K [0x00000000e0000000, 0x00000000ec680000, 0x0000000100000000)
  eden space 153088K, 0% used [0x00000000e0000000,0x00000000e0000000,0x00000000e9580000)
  from space 15360K, 88% used [0x00000000e9e00000,0x00000000eab59018,0x00000000ead00000)
  to   space 25088K, 0% used [0x00000000eae00000,0x00000000eae00000,0x00000000ec680000)
 ParOldGen       total 137728K, used 63079K [0x00000000a0000000, 0x00000000a8680000, 0x00000000e0000000)
  object space 137728K, 45% used [0x00000000a0000000,0x00000000a3d99fa8,0x00000000a8680000)
 Metaspace       used 64759K, capacity 67186K, committed 67328K, reserved 1107968K
  class space    used 8667K, capacity 9160K, committed 9216K, reserved 1048576K
}
Event: 564.180 GC heap before
{Heap before GC invocations=22 (full 4):
 PSYoungGen      total 168448K, used 166632K [0x00000000e0000000, 0x00000000ec680000, 0x0000000100000000)
  eden space 153088K, 99% used [0x00000000e0000000,0x00000000e9561340,0x00000000e9580000)
  from space 15360K, 88% used [0x00000000e9e00000,0x00000000eab59018,0x00000000ead00000)
  to   space 25088K, 0% used [0x00000000eae00000,0x00000000eae00000,0x00000000ec680000)
 ParOldGen       total 137728K, used 63079K [0x00000000a0000000, 0x00000000a8680000, 0x00000000e0000000)
  object space 137728K, 45% used [0x00000000a0000000,0x00000000a3d99fa8,0x00000000a8680000)
 Metaspace       used 66894K, capacity 69418K, committed 69632K, reserved 1110016K
  class space    used 8891K, capacity 9392K, committed 9472K, reserved 1048576K
Event: 564.219 GC heap after
Heap after GC invocations=22 (full 4):
 PSYoungGen      total 176128K, used 19726K [0x00000000e0000000, 0x00000000edb80000, 0x0000000100000000)
  eden space 151040K, 0% used [0x00000000e0000000,0x00000000e0000000,0x00000000e9380000)
  from space 25088K, 78% used [0x00000000eae00000,0x00000000ec143ab8,0x00000000ec680000)
  to   space 27136K, 0% used [0x00000000e9380000,0x00000000e9380000,0x00000000eae00000)
 ParOldGen       total 137728K, used 69214K [0x00000000a0000000, 0x00000000a8680000, 0x00000000e0000000)
  object space 137728K, 50% used [0x00000000a0000000,0x00000000a4397a30,0x00000000a8680000)
 Metaspace       used 66894K, capacity 69418K, committed 69632K, reserved 1110016K
  class space    used 8891K, capacity 9392K, committed 9472K, reserved 1048576K
}
Event: 564.237 GC heap before
{Heap before GC invocations=23 (full 4):
 PSYoungGen      total 176128K, used 170766K [0x00000000e0000000, 0x00000000edb80000, 0x0000000100000000)
  eden space 151040K, 100% used [0x00000000e0000000,0x00000000e9380000,0x00000000e9380000)
  from space 25088K, 78% used [0x00000000eae00000,0x00000000ec143ab8,0x00000000ec680000)
  to   space 27136K, 0% used [0x00000000e9380000,0x00000000e9380000,0x00000000eae00000)
 ParOldGen       total 137728K, used 69214K [0x00000000a0000000, 0x00000000a8680000, 0x00000000e0000000)
  object space 137728K, 50% used [0x00000000a0000000,0x00000000a4397a30,0x00000000a8680000)
 Metaspace       used 66897K, capacity 69418K, committed 69632K, reserved 1110016K
  class space    used 8891K, capacity 9392K, committed 9472K, reserved 1048576K
Event: 564.257 GC heap after
Heap after GC invocations=23 (full 4):
 PSYoungGen      total 178176K, used 18577K [0x00000000e0000000, 0x00000000edb80000, 0x0000000100000000)
  eden space 151040K, 0% used [0x00000000e0000000,0x00000000e0000000,0x00000000e9380000)
  from space 27136K, 68% used [0x00000000e9380000,0x00000000ea5a4540,0x00000000eae00000)
  to   space 25088K, 0% used [0x00000000eae00000,0x00000000eae00000,0x00000000ec680000)
 ParOldGen       total 137728K, used 69222K [0x00000000a0000000, 0x00000000a8680000, 0x00000000e0000000)
  object space 137728K, 50% used [0x00000000a0000000,0x00000000a4399a30,0x00000000a8680000)
 Metaspace       used 66897K, capacity 69418K, committed 69632K, reserved 1110016K
  class space    used 8891K, capacity 9392K, committed 9472K, reserved 1048576K
}
Event: 570.220 GC heap before
{Heap before GC invocations=24 (full 4):
 PSYoungGen      total 178176K, used 169617K [0x00000000e0000000, 0x00000000edb80000, 0x0000000100000000)
  eden space 151040K, 100% used [0x00000000e0000000,0x00000000e9380000,0x00000000e9380000)
  from space 27136K, 68% used [0x00000000e9380000,0x00000000ea5a4540,0x00000000eae00000)
  to   space 25088K, 0% used [0x00000000eae00000,0x00000000eae00000,0x00000000ec680000)
 ParOldGen       total 137728K, used 69222K [0x00000000a0000000, 0x00000000a8680000, 0x00000000e0000000)
  object space 137728K, 50% used [0x00000000a0000000,0x00000000a4399a30,0x00000000a8680000)
 Metaspace       used 69460K, capacity 72206K, committed 72320K, reserved 1112064K
  class space    used 9218K, capacity 9774K, committed 9856K, reserved 1048576K
Event: 570.257 GC heap after
Heap after GC invocations=24 (full 4):
 PSYoungGen      total 175616K, used 16916K [0x00000000e0000000, 0x00000000eff00000, 0x0000000100000000)
  eden space 150528K, 0% used [0x00000000e0000000,0x00000000e0000000,0x00000000e9300000)
  from space 25088K, 67% used [0x00000000eae00000,0x00000000ebe85388,0x00000000ec680000)
  to   space 27648K, 0% used [0x00000000e9300000,0x00000000e9300000,0x00000000eae00000)
 ParOldGen       total 137728K, used 75975K [0x00000000a0000000, 0x00000000a8680000, 0x00000000e0000000)
  object space 137728K, 55% used [0x00000000a0000000,0x00000000a4a31c88,0x00000000a8680000)
 Metaspace       used 69460K, capacity 72206K, committed 72320K, reserved 1112064K
  class space    used 9218K, capacity 9774K, committed 9856K, reserved 1048576K
}
Event: 573.359 GC heap before
{Heap before GC invocations=25 (full 4):
 PSYoungGen      total 175616K, used 167444K [0x00000000e0000000, 0x00000000eff00000, 0x0000000100000000)
  eden space 150528K, 100% used [0x00000000e0000000,0x00000000e9300000,0x00000000e9300000)
  from space 25088K, 67% used [0x00000000eae00000,0x00000000ebe85388,0x00000000ec680000)
  to   space 27648K, 0% used [0x00000000e9300000,0x00000000e9300000,0x00000000eae00000)
 ParOldGen       total 137728K, used 75975K [0x00000000a0000000, 0x00000000a8680000, 0x00000000e0000000)
  object space 137728K, 55% used [0x00000000a0000000,0x00000000a4a31c88,0x00000000a8680000)
 Metaspace       used 71661K, capacity 74382K, committed 74496K, reserved 1114112K
  class space    used 9368K, capacity 9902K, committed 9984K, reserved 1048576K
Event: 573.417 GC heap after
Heap after GC invocations=25 (full 4):
 PSYoungGen      total 178176K, used 21753K [0x00000000e0000000, 0x00000000f0100000, 0x0000000100000000)
  eden space 150528K, 0% used [0x00000000e0000000,0x00000000e0000000,0x00000000e9300000)
  from space 27648K, 78% used [0x00000000e9300000,0x00000000ea83e728,0x00000000eae00000)
  to   space 29696K, 0% used [0x00000000ee400000,0x00000000ee400000,0x00000000f0100000)
 ParOldGen       total 137728K, used 87447K [0x00000000a0000000, 0x00000000a8680000, 0x00000000e0000000)
  object space 137728K, 63% used [0x00000000a0000000,0x00000000a5565cb8,0x00000000a8680000)
 Metaspace       used 71661K, capacity 74382K, committed 74496K, reserved 1114112K
  class space    used 9368K, capacity 9902K, committed 9984K, reserved 1048576K
}

