# JRE version: Java(TM) SE Runtime Environment (8.0_20-b26) (build 1.8.0_20-b26)
# Java VM: Java HotSpot(TM) 64-Bit Server VM (25.20-b23 mixed mode windows-amd64 compressed oops)
Heap:
 PSYoungGen      total 388096K, used 345088K [0x00000000e0000000, 0x00000000fb000000, 0x0000000100000000)
  eden space 345088K, 100% used [0x00000000e0000000,0x00000000f5100000,0x00000000f5100000)
  from space 43008K, 0% used [0x00000000f8600000,0x00000000f8600000,0x00000000fb000000)
  to   space 48640K, 42% used [0x00000000f5100000,0x00000000f6540ff0,0x00000000f8080000)
 ParOldGen       total 202752K, used 73029K [0x00000000a0000000, 0x00000000ac600000, 0x00000000e0000000)
  object space 202752K, 36% used [0x00000000a0000000,0x00000000a47517a0,0x00000000ac600000)
 Metaspace       used 65431K, capacity 67158K, committed 67968K, reserved 1107968K
  class space    used 8439K, capacity 8749K, committed 8832K, reserved 1048576K
GC Heap History (10 events):
Event: 73.250 GC heap before
{Heap before GC invocations=32 (full 4):
 PSYoungGen      total 393728K, used 393724K [0x00000000e0000000, 0x00000000fb000000, 0x0000000100000000)
  eden space 345088K, 100% used [0x00000000e0000000,0x00000000f5100000,0x00000000f5100000)
  from space 48640K, 99% used [0x00000000f5100000,0x00000000f807f270,0x00000000f8080000)
  to   space 43008K, 0% used [0x00000000f8600000,0x00000000f8600000,0x00000000fb000000)
 ParOldGen       total 202752K, used 134404K [0x00000000a0000000, 0x00000000ac600000, 0x00000000e0000000)
  object space 202752K, 66% used [0x00000000a0000000,0x00000000a8341120,0x00000000ac600000)
 Metaspace       used 65400K, capacity 67094K, committed 67968K, reserved 1107968K
  class space    used 8439K, capacity 8749K, committed 8832K, reserved 1048576K
Event: 73.359 GC heap after
Heap after GC invocations=32 (full 4):
 PSYoungGen      total 388096K, used 43005K [0x00000000e0000000, 0x00000000fb000000, 0x0000000100000000)
  eden space 345088K, 0% used [0x00000000e0000000,0x00000000e0000000,0x00000000f5100000)
  from space 43008K, 99% used [0x00000000f8600000,0x00000000fafff528,0x00000000fb000000)
  to   space 48640K, 0% used [0x00000000f5100000,0x00000000f5100000,0x00000000f8080000)
 ParOldGen       total 202752K, used 177476K [0x00000000a0000000, 0x00000000ac600000, 0x00000000e0000000)
  object space 202752K, 87% used [0x00000000a0000000,0x00000000aad513f0,0x00000000ac600000)
 Metaspace       used 65400K, capacity 67094K, committed 67968K, reserved 1107968K
  class space    used 8439K, capacity 8749K, committed 8832K, reserved 1048576K
}
Event: 73.359 GC heap before
{Heap before GC invocations=33 (full 5):
 PSYoungGen      total 388096K, used 43005K [0x00000000e0000000, 0x00000000fb000000, 0x0000000100000000)
  eden space 345088K, 0% used [0x00000000e0000000,0x00000000e0000000,0x00000000f5100000)
  from space 43008K, 99% used [0x00000000f8600000,0x00000000fafff528,0x00000000fb000000)
  to   space 48640K, 0% used [0x00000000f5100000,0x00000000f5100000,0x00000000f8080000)
 ParOldGen       total 202752K, used 177476K [0x00000000a0000000, 0x00000000ac600000, 0x00000000e0000000)
  object space 202752K, 87% used [0x00000000a0000000,0x00000000aad513f0,0x00000000ac600000)
 Metaspace       used 65400K, capacity 67094K, committed 67968K, reserved 1107968K
  class space    used 8439K, capacity 8749K, committed 8832K, reserved 1048576K
Event: 74.273 GC heap after
Heap after GC invocations=33 (full 5):
 PSYoungGen      total 388096K, used 0K [0x00000000e0000000, 0x00000000fb000000, 0x0000000100000000)
  eden space 345088K, 0% used [0x00000000e0000000,0x00000000e0000000,0x00000000f5100000)
  from space 43008K, 0% used [0x00000000f8600000,0x00000000f8600000,0x00000000fb000000)
  to   space 48640K, 0% used [0x00000000f5100000,0x00000000f5100000,0x00000000f8080000)
 ParOldGen       total 202752K, used 146141K [0x00000000a0000000, 0x00000000ac600000, 0x00000000e0000000)
  object space 202752K, 72% used [0x00000000a0000000,0x00000000a8eb7598,0x00000000ac600000)
 Metaspace       used 65400K, capacity 67094K, committed 67968K, reserved 1107968K
  class space    used 8439K, capacity 8749K, committed 8832K, reserved 1048576K
}
Event: 75.701 GC heap before
{Heap before GC invocations=34 (full 5):
 PSYoungGen      total 388096K, used 345088K [0x00000000e0000000, 0x00000000fb000000, 0x0000000100000000)
  eden space 345088K, 100% used [0x00000000e0000000,0x00000000f5100000,0x00000000f5100000)
  from space 43008K, 0% used [0x00000000f8600000,0x00000000f8600000,0x00000000fb000000)
  to   space 48640K, 0% used [0x00000000f5100000,0x00000000f5100000,0x00000000f8080000)
 ParOldGen       total 202752K, used 149087K [0x00000000a0000000, 0x00000000ac600000, 0x00000000e0000000)
  object space 202752K, 73% used [0x00000000a0000000,0x00000000a9197c18,0x00000000ac600000)
 Metaspace       used 65424K, capacity 67158K, committed 67968K, reserved 1107968K
  class space    used 8439K, capacity 8749K, committed 8832K, reserved 1048576K
Event: 75.801 GC heap after
Heap after GC invocations=34 (full 5):
 PSYoungGen      total 393728K, used 36553K [0x00000000e0000000, 0x00000000fb000000, 0x0000000100000000)
  eden space 345088K, 0% used [0x00000000e0000000,0x00000000e0000000,0x00000000f5100000)
  from space 48640K, 75% used [0x00000000f5100000,0x00000000f74b24e8,0x00000000f8080000)
  to   space 43008K, 0% used [0x00000000f8600000,0x00000000f8600000,0x00000000fb000000)
 ParOldGen       total 202752K, used 149095K [0x00000000a0000000, 0x00000000ac600000, 0x00000000e0000000)
  object space 202752K, 73% used [0x00000000a0000000,0x00000000a9199c18,0x00000000ac600000)
 Metaspace       used 65424K, capacity 67158K, committed 67968K, reserved 1107968K
  class space    used 8439K, capacity 8749K, committed 8832K, reserved 1048576K
}
Event: 75.803 GC heap before
{Heap before GC invocations=35 (full 5):
 PSYoungGen      total 393728K, used 36922K [0x00000000e0000000, 0x00000000fb000000, 0x0000000100000000)
  eden space 345088K, 0% used [0x00000000e0000000,0x00000000e005c460,0x00000000f5100000)
  from space 48640K, 75% used [0x00000000f5100000,0x00000000f74b24e8,0x00000000f8080000)
  to   space 43008K, 0% used [0x00000000f8600000,0x00000000f8600000,0x00000000fb000000)
 ParOldGen       total 202752K, used 149095K [0x00000000a0000000, 0x00000000ac600000, 0x00000000e0000000)
  object space 202752K, 73% used [0x00000000a0000000,0x00000000a9199c18,0x00000000ac600000)
 Metaspace       used 65424K, capacity 67158K, committed 67968K, reserved 1107968K
  class space    used 8439K, capacity 8749K, committed 8832K, reserved 1048576K
Event: 75.874 GC heap after
Heap after GC invocations=35 (full 5):
 PSYoungGen      total 388096K, used 128K [0x00000000e0000000, 0x00000000fb000000, 0x0000000100000000)
  eden space 345088K, 0% used [0x00000000e0000000,0x00000000e0000000,0x00000000f5100000)
  from space 43008K, 0% used [0x00000000f8600000,0x00000000f8620000,0x00000000fb000000)
  to   space 48640K, 0% used [0x00000000f5100000,0x00000000f5100000,0x00000000f8080000)
 ParOldGen       total 202752K, used 184482K [0x00000000a0000000, 0x00000000ac600000, 0x00000000e0000000)
  object space 202752K, 90% used [0x00000000a0000000,0x00000000ab428a38,0x00000000ac600000)
 Metaspace       used 65424K, capacity 67158K, committed 67968K, reserved 1107968K
  class space    used 8439K, capacity 8749K, committed 8832K, reserved 1048576K
}
Event: 75.874 GC heap before
{Heap before GC invocations=36 (full 6):
 PSYoungGen      total 388096K, used 128K [0x00000000e0000000, 0x00000000fb000000, 0x0000000100000000)
  eden space 345088K, 0% used [0x00000000e0000000,0x00000000e0000000,0x00000000f5100000)
  from space 43008K, 0% used [0x00000000f8600000,0x00000000f8620000,0x00000000fb000000)
  to   space 48640K, 0% used [0x00000000f5100000,0x00000000f5100000,0x00000000f8080000)
 ParOldGen       total 202752K, used 184482K [0x00000000a0000000, 0x00000000ac600000, 0x00000000e0000000)
  object space 202752K, 90% used [0x00000000a0000000,0x00000000ab428a38,0x00000000ac600000)
 Metaspace       used 65424K, capacity 67158K, committed 67968K, reserved 1107968K
  class space    used 8439K, capacity 8749K, committed 8832K, reserved 1048576K
Event: 76.189 GC heap after
Heap after GC invocations=36 (full 6):
 PSYoungGen      total 388096K, used 0K [0x00000000e0000000, 0x00000000fb000000, 0x0000000100000000)
  eden space 345088K, 0% used [0x00000000e0000000,0x00000000e0000000,0x00000000f5100000)
  from space 43008K, 0% used [0x00000000f8600000,0x00000000f8600000,0x00000000fb000000)
  to   space 48640K, 0% used [0x00000000f5100000,0x00000000f5100000,0x00000000f8080000)
 ParOldGen       total 202752K, used 73029K [0x00000000a0000000, 0x00000000ac600000, 0x00000000e0000000)
  object space 202752K, 36% used [0x00000000a0000000,0x00000000a47517a0,0x00000000ac600000)
 Metaspace       used 65424K, capacity 67158K, committed 67968K, reserved 1107968K
  class space    used 8439K, capacity 8749K, committed 8832K, reserved 1048576K
}

