# JRE version: Java(TM) SE Runtime Environment (8.0_20-b26) (build 1.8.0_20-b26)
# Java VM: Java HotSpot(TM) 64-Bit Server VM (25.20-b23 mixed mode windows-amd64 compressed oops)
Heap:
 PSYoungGen      total 376320K, used 70332K [0x00000000e0000000, 0x00000000f9e00000, 0x0000000100000000)
  eden space 340992K, 11% used [0x00000000e0000000,0x00000000e2591490,0x00000000f4d00000)
  from space 35328K, 91% used [0x00000000f4d00000,0x00000000f6c778a8,0x00000000f6f80000)
  to   space 22528K, 0% used [0x00000000f6f80000,0x00000000f6f80000,0x00000000f8580000)
 ParOldGen       total 132608K, used 94738K [0x00000000a0000000, 0x00000000a8180000, 0x00000000e0000000)
  object space 132608K, 71% used [0x00000000a0000000,0x00000000a5c84b30,0x00000000a8180000)
 Metaspace       used 65333K, capacity 67034K, committed 67672K, reserved 1107968K
  class space    used 8420K, capacity 8751K, committed 8832K, reserved 1048576K
GC Heap History (10 events):
Event: 57.794 GC heap before
{Heap before GC invocations=28 (full 4):
 PSYoungGen      total 376320K, used 376293K [0x00000000e0000000, 0x00000000f9e00000, 0x0000000100000000)
  eden space 340992K, 100% used [0x00000000e0000000,0x00000000f4d00000,0x00000000f4d00000)
  from space 35328K, 99% used [0x00000000f4d00000,0x00000000f6f794d0,0x00000000f6f80000)
  to   space 22528K, 0% used [0x00000000f6f80000,0x00000000f6f80000,0x00000000f8580000)
 ParOldGen       total 112640K, used 79834K [0x00000000a0000000, 0x00000000a6e00000, 0x00000000e0000000)
  object space 112640K, 70% used [0x00000000a0000000,0x00000000a4df6818,0x00000000a6e00000)
 Metaspace       used 65298K, capacity 66968K, committed 67672K, reserved 1107968K
  class space    used 8419K, capacity 8750K, committed 8832K, reserved 1048576K
Event: 57.926 GC heap after
Heap after GC invocations=28 (full 4):
 PSYoungGen      total 363520K, used 22509K [0x00000000e0000000, 0x00000000f9e00000, 0x0000000100000000)
  eden space 340992K, 0% used [0x00000000e0000000,0x00000000e0000000,0x00000000f4d00000)
  from space 22528K, 99% used [0x00000000f6f80000,0x00000000f857b520,0x00000000f8580000)
  to   space 35328K, 0% used [0x00000000f4d00000,0x00000000f4d00000,0x00000000f6f80000)
 ParOldGen       total 132608K, used 132519K [0x00000000a0000000, 0x00000000a8180000, 0x00000000e0000000)
  object space 132608K, 99% used [0x00000000a0000000,0x00000000a8169e00,0x00000000a8180000)
 Metaspace       used 65298K, capacity 66968K, committed 67672K, reserved 1107968K
  class space    used 8419K, capacity 8750K, committed 8832K, reserved 1048576K
}
Event: 57.926 GC heap before
{Heap before GC invocations=29 (full 5):
 PSYoungGen      total 363520K, used 22509K [0x00000000e0000000, 0x00000000f9e00000, 0x0000000100000000)
  eden space 340992K, 0% used [0x00000000e0000000,0x00000000e0000000,0x00000000f4d00000)
  from space 22528K, 99% used [0x00000000f6f80000,0x00000000f857b520,0x00000000f8580000)
  to   space 35328K, 0% used [0x00000000f4d00000,0x00000000f4d00000,0x00000000f6f80000)
 ParOldGen       total 132608K, used 132519K [0x00000000a0000000, 0x00000000a8180000, 0x00000000e0000000)
  object space 132608K, 99% used [0x00000000a0000000,0x00000000a8169e00,0x00000000a8180000)
 Metaspace       used 65298K, capacity 66968K, committed 67672K, reserved 1107968K
  class space    used 8419K, capacity 8750K, committed 8832K, reserved 1048576K
Event: 58.470 GC heap after
Heap after GC invocations=29 (full 5):
 PSYoungGen      total 363520K, used 0K [0x00000000e0000000, 0x00000000f9e00000, 0x0000000100000000)
  eden space 340992K, 0% used [0x00000000e0000000,0x00000000e0000000,0x00000000f4d00000)
  from space 22528K, 0% used [0x00000000f6f80000,0x00000000f6f80000,0x00000000f8580000)
  to   space 35328K, 0% used [0x00000000f4d00000,0x00000000f4d00000,0x00000000f6f80000)
 ParOldGen       total 132608K, used 108922K [0x00000000a0000000, 0x00000000a8180000, 0x00000000e0000000)
  object space 132608K, 82% used [0x00000000a0000000,0x00000000a6a5e8e8,0x00000000a8180000)
 Metaspace       used 65298K, capacity 66968K, committed 67672K, reserved 1107968K
  class space    used 8419K, capacity 8750K, committed 8832K, reserved 1048576K
}
Event: 59.398 GC heap before
{Heap before GC invocations=30 (full 6):
 PSYoungGen      total 363520K, used 340992K [0x00000000e0000000, 0x00000000f9e00000, 0x0000000100000000)
  eden space 340992K, 100% used [0x00000000e0000000,0x00000000f4d00000,0x00000000f4d00000)
  from space 22528K, 0% used [0x00000000f6f80000,0x00000000f6f80000,0x00000000f8580000)
  to   space 35328K, 0% used [0x00000000f4d00000,0x00000000f4d00000,0x00000000f6f80000)
 ParOldGen       total 132608K, used 108922K [0x00000000a0000000, 0x00000000a8180000, 0x00000000e0000000)
  object space 132608K, 82% used [0x00000000a0000000,0x00000000a6a5e8e8,0x00000000a8180000)
 Metaspace       used 65304K, capacity 66968K, committed 67672K, reserved 1107968K
  class space    used 8419K, capacity 8750K, committed 8832K, reserved 1048576K
Event: 60.406 GC heap after
Heap after GC invocations=30 (full 6):
 PSYoungGen      total 363520K, used 11646K [0x00000000e0000000, 0x00000000f9e00000, 0x0000000100000000)
  eden space 340992K, 3% used [0x00000000e0000000,0x00000000e0b5fb18,0x00000000f4d00000)
  from space 22528K, 0% used [0x00000000f6f80000,0x00000000f6f80000,0x00000000f8580000)
  to   space 35328K, 0% used [0x00000000f4d00000,0x00000000f4d00000,0x00000000f6f80000)
 ParOldGen       total 132608K, used 132551K [0x00000000a0000000, 0x00000000a8180000, 0x00000000e0000000)
  object space 132608K, 99% used [0x00000000a0000000,0x00000000a8171c18,0x00000000a8180000)
 Metaspace       used 65304K, capacity 66968K, committed 67672K, reserved 1107968K
  class space    used 8419K, capacity 8750K, committed 8832K, reserved 1048576K
}
Event: 61.683 GC heap before
{Heap before GC invocations=31 (full 7):
 PSYoungGen      total 363520K, used 340992K [0x00000000e0000000, 0x00000000f9e00000, 0x0000000100000000)
  eden space 340992K, 100% used [0x00000000e0000000,0x00000000f4d00000,0x00000000f4d00000)
  from space 22528K, 0% used [0x00000000f6f80000,0x00000000f6f80000,0x00000000f8580000)
  to   space 35328K, 0% used [0x00000000f4d00000,0x00000000f4d00000,0x00000000f6f80000)
 ParOldGen       total 132608K, used 132551K [0x00000000a0000000, 0x00000000a8180000, 0x00000000e0000000)
  object space 132608K, 99% used [0x00000000a0000000,0x00000000a8171c18,0x00000000a8180000)
 Metaspace       used 65323K, capacity 67032K, committed 67672K, reserved 1107968K
  class space    used 8419K, capacity 8750K, committed 8832K, reserved 1048576K
Event: 62.169 GC heap after
Heap after GC invocations=31 (full 7):
 PSYoungGen      total 363520K, used 0K [0x00000000e0000000, 0x00000000f9e00000, 0x0000000100000000)
  eden space 340992K, 0% used [0x00000000e0000000,0x00000000e0000000,0x00000000f4d00000)
  from space 22528K, 0% used [0x00000000f6f80000,0x00000000f6f80000,0x00000000f8580000)
  to   space 35328K, 0% used [0x00000000f4d00000,0x00000000f4d00000,0x00000000f6f80000)
 ParOldGen       total 132608K, used 94730K [0x00000000a0000000, 0x00000000a8180000, 0x00000000e0000000)
  object space 132608K, 71% used [0x00000000a0000000,0x00000000a5c82b30,0x00000000a8180000)
 Metaspace       used 65323K, capacity 67032K, committed 67672K, reserved 1107968K
  class space    used 8419K, capacity 8750K, committed 8832K, reserved 1048576K
}
Event: 63.814 GC heap before
{Heap before GC invocations=32 (full 7):
 PSYoungGen      total 363520K, used 340992K [0x00000000e0000000, 0x00000000f9e00000, 0x0000000100000000)
  eden space 340992K, 100% used [0x00000000e0000000,0x00000000f4d00000,0x00000000f4d00000)
  from space 22528K, 0% used [0x00000000f6f80000,0x00000000f6f80000,0x00000000f8580000)
  to   space 35328K, 0% used [0x00000000f4d00000,0x00000000f4d00000,0x00000000f6f80000)
 ParOldGen       total 132608K, used 94730K [0x00000000a0000000, 0x00000000a8180000, 0x00000000e0000000)
  object space 132608K, 71% used [0x00000000a0000000,0x00000000a5c82b30,0x00000000a8180000)
 Metaspace       used 65333K, capacity 67034K, committed 67672K, reserved 1107968K
  class space    used 8420K, capacity 8751K, committed 8832K, reserved 1048576K
Event: 63.881 GC heap after
Heap after GC invocations=32 (full 7):
 PSYoungGen      total 376320K, used 32222K [0x00000000e0000000, 0x00000000f9e00000, 0x0000000100000000)
  eden space 340992K, 0% used [0x00000000e0000000,0x00000000e0000000,0x00000000f4d00000)
  from space 35328K, 91% used [0x00000000f4d00000,0x00000000f6c778a8,0x00000000f6f80000)
  to   space 22528K, 0% used [0x00000000f6f80000,0x00000000f6f80000,0x00000000f8580000)
 ParOldGen       total 132608K, used 94738K [0x00000000a0000000, 0x00000000a8180000, 0x00000000e0000000)
  object space 132608K, 71% used [0x00000000a0000000,0x00000000a5c84b30,0x00000000a8180000)
 Metaspace       used 65333K, capacity 67034K, committed 67672K, reserved 1107968K
  class space    used 8420K, capacity 8751K, committed 8832K, reserved 1048576K
}

