# JRE version: Java(TM) SE Runtime Environment (8.0_20-b26) (build 1.8.0_20-b26)
# Java VM: Java HotSpot(TM) 64-Bit Server VM (25.20-b23 mixed mode windows-amd64 compressed oops)
Heap:
 PSYoungGen      total 253952K, used 160498K [0x00000000e0000000, 0x00000000f1680000, 0x0000000100000000)
  eden space 233472K, 68% used [0x00000000e0000000,0x00000000e9caca48,0x00000000ee400000)
  from space 20480K, 0% used [0x00000000ef800000,0x00000000ef810000,0x00000000f0c00000)
  to   space 20480K, 0% used [0x00000000ee400000,0x00000000ee400000,0x00000000ef800000)
 ParOldGen       total 111104K, used 70740K [0x00000000a0000000, 0x00000000a6c80000, 0x00000000e0000000)
  object space 111104K, 63% used [0x00000000a0000000,0x00000000a4515210,0x00000000a6c80000)
 Metaspace       used 63814K, capacity 65554K, committed 65920K, reserved 1105920K
  class space    used 8373K, capacity 8727K, committed 8832K, reserved 1048576K
GC Heap History (10 events):
Event: 47.147 GC heap before
{Heap before GC invocations=19 (full 2):
 PSYoungGen      total 162816K, used 161955K [0x00000000e0000000, 0x00000000eab80000, 0x0000000100000000)
  eden space 152064K, 100% used [0x00000000e0000000,0x00000000e9480000,0x00000000e9480000)
  from space 10752K, 91% used [0x00000000ea100000,0x00000000eaaa8e88,0x00000000eab80000)
  to   space 11776K, 0% used [0x00000000e9480000,0x00000000e9480000,0x00000000ea000000)
 ParOldGen       total 65536K, used 31016K [0x00000000a0000000, 0x00000000a4000000, 0x00000000e0000000)
  object space 65536K, 47% used [0x00000000a0000000,0x00000000a1e4a238,0x00000000a4000000)
 Metaspace       used 57443K, capacity 58856K, committed 59008K, reserved 1099776K
  class space    used 7655K, capacity 7938K, committed 8064K, reserved 1048576K
Event: 47.174 GC heap after
Heap after GC invocations=19 (full 2):
 PSYoungGen      total 163840K, used 11759K [0x00000000e0000000, 0x00000000ecd80000, 0x0000000100000000)
  eden space 152064K, 0% used [0x00000000e0000000,0x00000000e0000000,0x00000000e9480000)
  from space 11776K, 99% used [0x00000000e9480000,0x00000000e9ffbf60,0x00000000ea000000)
  to   space 15872K, 0% used [0x00000000ebe00000,0x00000000ebe00000,0x00000000ecd80000)
 ParOldGen       total 65536K, used 37118K [0x00000000a0000000, 0x00000000a4000000, 0x00000000e0000000)
  object space 65536K, 56% used [0x00000000a0000000,0x00000000a243f810,0x00000000a4000000)
 Metaspace       used 57443K, capacity 58856K, committed 59008K, reserved 1099776K
  class space    used 7655K, capacity 7938K, committed 8064K, reserved 1048576K
}
Event: 47.316 GC heap before
{Heap before GC invocations=20 (full 2):
 PSYoungGen      total 163840K, used 23246K [0x00000000e0000000, 0x00000000ecd80000, 0x0000000100000000)
  eden space 152064K, 7% used [0x00000000e0000000,0x00000000e0b37938,0x00000000e9480000)
  from space 11776K, 99% used [0x00000000e9480000,0x00000000e9ffbf60,0x00000000ea000000)
  to   space 15872K, 0% used [0x00000000ebe00000,0x00000000ebe00000,0x00000000ecd80000)
 ParOldGen       total 65536K, used 37118K [0x00000000a0000000, 0x00000000a4000000, 0x00000000e0000000)
  object space 65536K, 56% used [0x00000000a0000000,0x00000000a243f810,0x00000000a4000000)
 Metaspace       used 57535K, capacity 58984K, committed 59096K, reserved 1099776K
  class space    used 7662K, capacity 8002K, committed 8064K, reserved 1048576K
Event: 47.348 GC heap after
Heap after GC invocations=20 (full 2):
 PSYoungGen      total 195072K, used 4215K [0x00000000e0000000, 0x00000000ee400000, 0x0000000100000000)
  eden space 179200K, 0% used [0x00000000e0000000,0x00000000e0000000,0x00000000eaf00000)
  from space 15872K, 26% used [0x00000000ebe00000,0x00000000ec21dcc8,0x00000000ecd80000)
  to   space 15360K, 0% used [0x00000000eaf00000,0x00000000eaf00000,0x00000000ebe00000)
 ParOldGen       total 65536K, used 48740K [0x00000000a0000000, 0x00000000a4000000, 0x00000000e0000000)
  object space 65536K, 74% used [0x00000000a0000000,0x00000000a2f99210,0x00000000a4000000)
 Metaspace       used 57535K, capacity 58984K, committed 59096K, reserved 1099776K
  class space    used 7662K, capacity 8002K, committed 8064K, reserved 1048576K
}
Event: 47.348 GC heap before
{Heap before GC invocations=21 (full 3):
 PSYoungGen      total 195072K, used 4215K [0x00000000e0000000, 0x00000000ee400000, 0x0000000100000000)
  eden space 179200K, 0% used [0x00000000e0000000,0x00000000e0000000,0x00000000eaf00000)
  from space 15872K, 26% used [0x00000000ebe00000,0x00000000ec21dcc8,0x00000000ecd80000)
  to   space 15360K, 0% used [0x00000000eaf00000,0x00000000eaf00000,0x00000000ebe00000)
 ParOldGen       total 65536K, used 48740K [0x00000000a0000000, 0x00000000a4000000, 0x00000000e0000000)
  object space 65536K, 74% used [0x00000000a0000000,0x00000000a2f99210,0x00000000a4000000)
 Metaspace       used 57535K, capacity 58984K, committed 59096K, reserved 1099776K
  class space    used 7662K, capacity 8002K, committed 8064K, reserved 1048576K
Event: 47.817 GC heap after
Heap after GC invocations=21 (full 3):
 PSYoungGen      total 195072K, used 0K [0x00000000e0000000, 0x00000000ee400000, 0x0000000100000000)
  eden space 179200K, 0% used [0x00000000e0000000,0x00000000e0000000,0x00000000eaf00000)
  from space 15872K, 0% used [0x00000000ebe00000,0x00000000ebe00000,0x00000000ecd80000)
  to   space 15360K, 0% used [0x00000000eaf00000,0x00000000eaf00000,0x00000000ebe00000)
 ParOldGen       total 111104K, used 48642K [0x00000000a0000000, 0x00000000a6c80000, 0x00000000e0000000)
  object space 111104K, 43% used [0x00000000a0000000,0x00000000a2f80920,0x00000000a6c80000)
 Metaspace       used 57519K, capacity 58940K, committed 59096K, reserved 1099776K
  class space    used 7655K, capacity 7992K, committed 8064K, reserved 1048576K
}
Event: 51.005 GC heap before
{Heap before GC invocations=22 (full 3):
 PSYoungGen      total 195072K, used 179078K [0x00000000e0000000, 0x00000000ee400000, 0x0000000100000000)
  eden space 179200K, 99% used [0x00000000e0000000,0x00000000eaee19c0,0x00000000eaf00000)
  from space 15872K, 0% used [0x00000000ebe00000,0x00000000ebe00000,0x00000000ecd80000)
  to   space 15360K, 0% used [0x00000000eaf00000,0x00000000eaf00000,0x00000000ebe00000)
 ParOldGen       total 111104K, used 48642K [0x00000000a0000000, 0x00000000a6c80000, 0x00000000e0000000)
  object space 111104K, 43% used [0x00000000a0000000,0x00000000a2f80920,0x00000000a6c80000)
 Metaspace       used 60824K, capacity 62388K, committed 62720K, reserved 1103872K
  class space    used 8006K, capacity 8344K, committed 8448K, reserved 1048576K
Event: 51.028 GC heap after
Heap after GC invocations=22 (full 3):
 PSYoungGen      total 194560K, used 15347K [0x00000000e0000000, 0x00000000f0c00000, 0x0000000100000000)
  eden space 179200K, 0% used [0x00000000e0000000,0x00000000e0000000,0x00000000eaf00000)
  from space 15360K, 99% used [0x00000000eaf00000,0x00000000ebdfcfc8,0x00000000ebe00000)
  to   space 20480K, 0% used [0x00000000ef800000,0x00000000ef800000,0x00000000f0c00000)
 ParOldGen       total 111104K, used 55962K [0x00000000a0000000, 0x00000000a6c80000, 0x00000000e0000000)
  object space 111104K, 50% used [0x00000000a0000000,0x00000000a36a6810,0x00000000a6c80000)
 Metaspace       used 60824K, capacity 62388K, committed 62720K, reserved 1103872K
  class space    used 8006K, capacity 8344K, committed 8448K, reserved 1048576K
}
Event: 51.053 GC heap before
{Heap before GC invocations=23 (full 3):
 PSYoungGen      total 194560K, used 194221K [0x00000000e0000000, 0x00000000f0c00000, 0x0000000100000000)
  eden space 179200K, 99% used [0x00000000e0000000,0x00000000eaeae470,0x00000000eaf00000)
  from space 15360K, 99% used [0x00000000eaf00000,0x00000000ebdfcfc8,0x00000000ebe00000)
  to   space 20480K, 0% used [0x00000000ef800000,0x00000000ef800000,0x00000000f0c00000)
 ParOldGen       total 111104K, used 55962K [0x00000000a0000000, 0x00000000a6c80000, 0x00000000e0000000)
  object space 111104K, 50% used [0x00000000a0000000,0x00000000a36a6810,0x00000000a6c80000)
 Metaspace       used 60828K, capacity 62388K, committed 62720K, reserved 1103872K
  class space    used 8006K, capacity 8344K, committed 8448K, reserved 1048576K
Event: 51.069 GC heap after
Heap after GC invocations=23 (full 3):
 PSYoungGen      total 253952K, used 64K [0x00000000e0000000, 0x00000000f1680000, 0x0000000100000000)
  eden space 233472K, 0% used [0x00000000e0000000,0x00000000e0000000,0x00000000ee400000)
  from space 20480K, 0% used [0x00000000ef800000,0x00000000ef810000,0x00000000f0c00000)
  to   space 20480K, 0% used [0x00000000ee400000,0x00000000ee400000,0x00000000ef800000)
 ParOldGen       total 111104K, used 70740K [0x00000000a0000000, 0x00000000a6c80000, 0x00000000e0000000)
  object space 111104K, 63% used [0x00000000a0000000,0x00000000a4515210,0x00000000a6c80000)
 Metaspace       used 60828K, capacity 62388K, committed 62720K, reserved 1103872K
  class space    used 8006K, capacity 8344K, committed 8448K, reserved 1048576K
}

