# JRE version: Java(TM) SE Runtime Environment (8.0_20-b26) (build 1.8.0_20-b26)
# Java VM: Java HotSpot(TM) 64-Bit Server VM (25.20-b23 mixed mode windows-amd64 compressed oops)
Heap:
 PSYoungGen      total 301056K, used 267264K [0x00000000e0000000, 0x00000000fa480000, 0x0000000100000000)
  eden space 267264K, 100% used [0x00000000e0000000,0x00000000f0500000,0x00000000f0500000)
  from space 33792K, 0% used [0x00000000f0500000,0x00000000f0500000,0x00000000f2600000)
  to   space 51712K, 0% used [0x00000000f7200000,0x00000000f7200000,0x00000000fa480000)
 ParOldGen       total 125440K, used 101890K [0x00000000a0000000, 0x00000000a7a80000, 0x00000000e0000000)
  object space 125440K, 81% used [0x00000000a0000000,0x00000000a63808a8,0x00000000a7a80000)
 Metaspace       used 65669K, capacity 67426K, committed 68352K, reserved 1107968K
  class space    used 8453K, capacity 8777K, committed 8960K, reserved 1048576K
GC Heap History (10 events):
Event: 50.857 GC heap after
Heap after GC invocations=25 (full 3):
 PSYoungGen      total 236032K, used 16744K [0x00000000e0000000, 0x00000000f0200000, 0x0000000100000000)
  eden space 211968K, 0% used [0x00000000e0000000,0x00000000e0000000,0x00000000ecf00000)
  from space 24064K, 69% used [0x00000000eea80000,0x00000000efada218,0x00000000f0200000)
  to   space 26112K, 0% used [0x00000000ecf00000,0x00000000ecf00000,0x00000000ee880000)
 ParOldGen       total 121856K, used 73609K [0x00000000a0000000, 0x00000000a7700000, 0x00000000e0000000)
  object space 121856K, 60% used [0x00000000a0000000,0x00000000a47e27c8,0x00000000a7700000)
 Metaspace       used 65542K, capacity 67312K, committed 67456K, reserved 1107968K
  class space    used 8505K, capacity 8824K, committed 8832K, reserved 1048576K
}
Event: 52.719 GC heap before
{Heap before GC invocations=26 (full 3):
 PSYoungGen      total 236032K, used 228712K [0x00000000e0000000, 0x00000000f0200000, 0x0000000100000000)
  eden space 211968K, 100% used [0x00000000e0000000,0x00000000ecf00000,0x00000000ecf00000)
  from space 24064K, 69% used [0x00000000eea80000,0x00000000efada218,0x00000000f0200000)
  to   space 26112K, 0% used [0x00000000ecf00000,0x00000000ecf00000,0x00000000ee880000)
 ParOldGen       total 121856K, used 73609K [0x00000000a0000000, 0x00000000a7700000, 0x00000000e0000000)
  object space 121856K, 60% used [0x00000000a0000000,0x00000000a47e27c8,0x00000000a7700000)
 Metaspace       used 65988K, capacity 67760K, committed 67968K, reserved 1107968K
  class space    used 8521K, capacity 8824K, committed 8832K, reserved 1048576K
Event: 52.795 GC heap after
Heap after GC invocations=26 (full 3):
 PSYoungGen      total 238080K, used 23994K [0x00000000e0000000, 0x00000000f4300000, 0x0000000100000000)
  eden space 211968K, 0% used [0x00000000e0000000,0x00000000e0000000,0x00000000ecf00000)
  from space 26112K, 91% used [0x00000000ecf00000,0x00000000ee66eb88,0x00000000ee880000)
  to   space 29696K, 0% used [0x00000000f2600000,0x00000000f2600000,0x00000000f4300000)
 ParOldGen       total 121856K, used 82144K [0x00000000a0000000, 0x00000000a7700000, 0x00000000e0000000)
  object space 121856K, 67% used [0x00000000a0000000,0x00000000a5038220,0x00000000a7700000)
 Metaspace       used 65988K, capacity 67760K, committed 67968K, reserved 1107968K
  class space    used 8521K, capacity 8824K, committed 8832K, reserved 1048576K
}
Event: 54.386 GC heap before
{Heap before GC invocations=27 (full 3):
 PSYoungGen      total 238080K, used 235962K [0x00000000e0000000, 0x00000000f4300000, 0x0000000100000000)
  eden space 211968K, 100% used [0x00000000e0000000,0x00000000ecf00000,0x00000000ecf00000)
  from space 26112K, 91% used [0x00000000ecf00000,0x00000000ee66eb88,0x00000000ee880000)
  to   space 29696K, 0% used [0x00000000f2600000,0x00000000f2600000,0x00000000f4300000)
 ParOldGen       total 121856K, used 82144K [0x00000000a0000000, 0x00000000a7700000, 0x00000000e0000000)
  object space 121856K, 67% used [0x00000000a0000000,0x00000000a5038220,0x00000000a7700000)
 Metaspace       used 66247K, capacity 67984K, committed 68352K, reserved 1107968K
  class space    used 8524K, capacity 8856K, committed 8960K, reserved 1048576K
Event: 54.459 GC heap after
Heap after GC invocations=27 (full 3):
 PSYoungGen      total 296960K, used 25376K [0x00000000e0000000, 0x00000000f4b80000, 0x0000000100000000)
  eden space 267264K, 0% used [0x00000000e0000000,0x00000000e0000000,0x00000000f0500000)
  from space 29696K, 85% used [0x00000000f2600000,0x00000000f3ec8180,0x00000000f4300000)
  to   space 33792K, 0% used [0x00000000f0500000,0x00000000f0500000,0x00000000f2600000)
 ParOldGen       total 121856K, used 92782K [0x00000000a0000000, 0x00000000a7700000, 0x00000000e0000000)
  object space 121856K, 76% used [0x00000000a0000000,0x00000000a5a9bbc0,0x00000000a7700000)
 Metaspace       used 66247K, capacity 67984K, committed 68352K, reserved 1107968K
  class space    used 8524K, capacity 8856K, committed 8960K, reserved 1048576K
}
Event: 55.839 GC heap before
{Heap before GC invocations=28 (full 3):
 PSYoungGen      total 296960K, used 292640K [0x00000000e0000000, 0x00000000f4b80000, 0x0000000100000000)
  eden space 267264K, 100% used [0x00000000e0000000,0x00000000f0500000,0x00000000f0500000)
  from space 29696K, 85% used [0x00000000f2600000,0x00000000f3ec8180,0x00000000f4300000)
  to   space 33792K, 0% used [0x00000000f0500000,0x00000000f0500000,0x00000000f2600000)
 ParOldGen       total 121856K, used 92782K [0x00000000a0000000, 0x00000000a7700000, 0x00000000e0000000)
  object space 121856K, 76% used [0x00000000a0000000,0x00000000a5a9bbc0,0x00000000a7700000)
 Metaspace       used 66295K, capacity 68112K, committed 68352K, reserved 1107968K
  class space    used 8525K, capacity 8856K, committed 8960K, reserved 1048576K
Event: 55.952 GC heap after
Heap after GC invocations=28 (full 3):
 PSYoungGen      total 301056K, used 33769K [0x00000000e0000000, 0x00000000fa480000, 0x0000000100000000)
  eden space 267264K, 0% used [0x00000000e0000000,0x00000000e0000000,0x00000000f0500000)
  from space 33792K, 99% used [0x00000000f0500000,0x00000000f25fa778,0x00000000f2600000)
  to   space 51712K, 0% used [0x00000000f7200000,0x00000000f7200000,0x00000000fa480000)
 ParOldGen       total 125440K, used 125171K [0x00000000a0000000, 0x00000000a7a80000, 0x00000000e0000000)
  object space 125440K, 99% used [0x00000000a0000000,0x00000000a7a3cf40,0x00000000a7a80000)
 Metaspace       used 66295K, capacity 68112K, committed 68352K, reserved 1107968K
  class space    used 8525K, capacity 8856K, committed 8960K, reserved 1048576K
}
Event: 55.953 GC heap before
{Heap before GC invocations=29 (full 4):
 PSYoungGen      total 301056K, used 33769K [0x00000000e0000000, 0x00000000fa480000, 0x0000000100000000)
  eden space 267264K, 0% used [0x00000000e0000000,0x00000000e0000000,0x00000000f0500000)
  from space 33792K, 99% used [0x00000000f0500000,0x00000000f25fa778,0x00000000f2600000)
  to   space 51712K, 0% used [0x00000000f7200000,0x00000000f7200000,0x00000000fa480000)
 ParOldGen       total 125440K, used 125171K [0x00000000a0000000, 0x00000000a7a80000, 0x00000000e0000000)
  object space 125440K, 99% used [0x00000000a0000000,0x00000000a7a3cf40,0x00000000a7a80000)
 Metaspace       used 66295K, capacity 68112K, committed 68352K, reserved 1107968K
  class space    used 8525K, capacity 8856K, committed 8960K, reserved 1048576K
Event: 56.689 GC heap after
Heap after GC invocations=29 (full 4):
 PSYoungGen      total 301056K, used 0K [0x00000000e0000000, 0x00000000fa480000, 0x0000000100000000)
  eden space 267264K, 0% used [0x00000000e0000000,0x00000000e0000000,0x00000000f0500000)
  from space 33792K, 0% used [0x00000000f0500000,0x00000000f0500000,0x00000000f2600000)
  to   space 51712K, 0% used [0x00000000f7200000,0x00000000f7200000,0x00000000fa480000)
 ParOldGen       total 125440K, used 101890K [0x00000000a0000000, 0x00000000a7a80000, 0x00000000e0000000)
  object space 125440K, 81% used [0x00000000a0000000,0x00000000a63808a8,0x00000000a7a80000)
 Metaspace       used 65660K, capacity 67426K, committed 68352K, reserved 1107968K
  class space    used 8453K, capacity 8777K, committed 8960K, reserved 1048576K
}
Event: 57.798 GC heap before
{Heap before GC invocations=30 (full 5):
 PSYoungGen      total 301056K, used 267264K [0x00000000e0000000, 0x00000000fa480000, 0x0000000100000000)
  eden space 267264K, 100% used [0x00000000e0000000,0x00000000f0500000,0x00000000f0500000)
  from space 33792K, 0% used [0x00000000f0500000,0x00000000f0500000,0x00000000f2600000)
  to   space 51712K, 0% used [0x00000000f7200000,0x00000000f7200000,0x00000000fa480000)
 ParOldGen       total 125440K, used 101890K [0x00000000a0000000, 0x00000000a7a80000, 0x00000000e0000000)
  object space 125440K, 81% used [0x00000000a0000000,0x00000000a63808a8,0x00000000a7a80000)
 Metaspace       used 65669K, capacity 67426K, committed 68352K, reserved 1107968K
  class space    used 8453K, capacity 8777K, committed 8960K, reserved 1048576K

