# JRE version: Java(TM) SE Runtime Environment (8.0_20-b26) (build 1.8.0_20-b26)
# Java VM: Java HotSpot(TM) 64-Bit Server VM (25.20-b23 mixed mode windows-amd64 compressed oops)
Heap:
 PSYoungGen      total 331776K, used 109939K [0x00000000e0000000, 0x00000000f7a80000, 0x0000000100000000)
  eden space 298496K, 25% used [0x00000000e0000000,0x00000000e4addb80,0x00000000f2380000)
  from space 33280K, 99% used [0x00000000f5180000,0x00000000f71ff3a0,0x00000000f7200000)
  to   space 44544K, 0% used [0x00000000f2380000,0x00000000f2380000,0x00000000f4f00000)
 ParOldGen       total 157184K, used 97509K [0x00000000a0000000, 0x00000000a9980000, 0x00000000e0000000)
  object space 157184K, 62% used [0x00000000a0000000,0x00000000a5f397a8,0x00000000a9980000)
 Metaspace       used 67537K, capacity 69374K, committed 70016K, reserved 1110016K
  class space    used 8620K, capacity 8975K, committed 9088K, reserved 1048576K
GC Heap History (10 events):
Event: 461.720 GC heap before
{Heap before GC invocations=26 (full 3):
 PSYoungGen      total 200704K, used 191797K [0x00000000e0000000, 0x00000000eec80000, 0x0000000100000000)
  eden space 185344K, 100% used [0x00000000e0000000,0x00000000eb500000,0x00000000eb500000)
  from space 15360K, 42% used [0x00000000ec380000,0x00000000ec9cd468,0x00000000ed280000)
  to   space 14848K, 0% used [0x00000000eb500000,0x00000000eb500000,0x00000000ec380000)
 ParOldGen       total 68096K, used 39386K [0x00000000a0000000, 0x00000000a4280000, 0x00000000e0000000)
  object space 68096K, 57% used [0x00000000a0000000,0x00000000a2676a40,0x00000000a4280000)
 Metaspace       used 64857K, capacity 66746K, committed 66944K, reserved 1107968K
  class space    used 8433K, capacity 8787K, committed 8832K, reserved 1048576K
Event: 461.736 GC heap after
Heap after GC invocations=26 (full 3):
 PSYoungGen      total 200192K, used 3379K [0x00000000e0000000, 0x00000000f0a00000, 0x0000000100000000)
  eden space 185344K, 0% used [0x00000000e0000000,0x00000000e0000000,0x00000000eb500000)
  from space 14848K, 22% used [0x00000000eb500000,0x00000000eb84cfe8,0x00000000ec380000)
  to   space 14336K, 0% used [0x00000000efc00000,0x00000000efc00000,0x00000000f0a00000)
 ParOldGen       total 68096K, used 45348K [0x00000000a0000000, 0x00000000a4280000, 0x00000000e0000000)
  object space 68096K, 66% used [0x00000000a0000000,0x00000000a2c49220,0x00000000a4280000)
 Metaspace       used 64857K, capacity 66746K, committed 66944K, reserved 1107968K
  class space    used 8433K, capacity 8787K, committed 8832K, reserved 1048576K
}
Event: 465.026 GC heap before
{Heap before GC invocations=27 (full 3):
 PSYoungGen      total 200192K, used 188723K [0x00000000e0000000, 0x00000000f0a00000, 0x0000000100000000)
  eden space 185344K, 100% used [0x00000000e0000000,0x00000000eb500000,0x00000000eb500000)
  from space 14848K, 22% used [0x00000000eb500000,0x00000000eb84cfe8,0x00000000ec380000)
  to   space 14336K, 0% used [0x00000000efc00000,0x00000000efc00000,0x00000000f0a00000)
 ParOldGen       total 68096K, used 45348K [0x00000000a0000000, 0x00000000a4280000, 0x00000000e0000000)
  object space 68096K, 66% used [0x00000000a0000000,0x00000000a2c49220,0x00000000a4280000)
 Metaspace       used 67898K, capacity 69784K, committed 70016K, reserved 1110016K
  class space    used 8686K, capacity 9050K, committed 9088K, reserved 1048576K
Event: 465.079 GC heap after
Heap after GC invocations=27 (full 3):
 PSYoungGen      total 252416K, used 14319K [0x00000000e0000000, 0x00000000f1280000, 0x0000000100000000)
  eden space 238080K, 0% used [0x00000000e0000000,0x00000000e0000000,0x00000000ee880000)
  from space 14336K, 99% used [0x00000000efc00000,0x00000000f09fbeb8,0x00000000f0a00000)
  to   space 19968K, 0% used [0x00000000ee880000,0x00000000ee880000,0x00000000efc00000)
 ParOldGen       total 68096K, used 54884K [0x00000000a0000000, 0x00000000a4280000, 0x00000000e0000000)
  object space 68096K, 80% used [0x00000000a0000000,0x00000000a35991e0,0x00000000a4280000)
 Metaspace       used 67898K, capacity 69784K, committed 70016K, reserved 1110016K
  class space    used 8686K, capacity 9050K, committed 9088K, reserved 1048576K
}
Event: 466.761 GC heap before
{Heap before GC invocations=28 (full 3):
 PSYoungGen      total 252416K, used 252399K [0x00000000e0000000, 0x00000000f1280000, 0x0000000100000000)
  eden space 238080K, 100% used [0x00000000e0000000,0x00000000ee880000,0x00000000ee880000)
  from space 14336K, 99% used [0x00000000efc00000,0x00000000f09fbeb8,0x00000000f0a00000)
  to   space 19968K, 0% used [0x00000000ee880000,0x00000000ee880000,0x00000000efc00000)
 ParOldGen       total 68096K, used 54884K [0x00000000a0000000, 0x00000000a4280000, 0x00000000e0000000)
  object space 68096K, 80% used [0x00000000a0000000,0x00000000a35991e0,0x00000000a4280000)
 Metaspace       used 67952K, capacity 69848K, committed 70016K, reserved 1110016K
  class space    used 8687K, capacity 9050K, committed 9088K, reserved 1048576K
Event: 466.869 GC heap after
Heap after GC invocations=28 (full 3):
 PSYoungGen      total 258048K, used 19939K [0x00000000e0000000, 0x00000000f7200000, 0x0000000100000000)
  eden space 238080K, 0% used [0x00000000e0000000,0x00000000e0000000,0x00000000ee880000)
  from space 19968K, 99% used [0x00000000ee880000,0x00000000efbf8f98,0x00000000efc00000)
  to   space 33280K, 0% used [0x00000000f5180000,0x00000000f5180000,0x00000000f7200000)
 ParOldGen       total 82944K, used 82421K [0x00000000a0000000, 0x00000000a5100000, 0x00000000e0000000)
  object space 82944K, 99% used [0x00000000a0000000,0x00000000a507d708,0x00000000a5100000)
 Metaspace       used 67952K, capacity 69848K, committed 70016K, reserved 1110016K
  class space    used 8687K, capacity 9050K, committed 9088K, reserved 1048576K
}
Event: 466.869 GC heap before
{Heap before GC invocations=29 (full 4):
 PSYoungGen      total 258048K, used 19939K [0x00000000e0000000, 0x00000000f7200000, 0x0000000100000000)
  eden space 238080K, 0% used [0x00000000e0000000,0x00000000e0000000,0x00000000ee880000)
  from space 19968K, 99% used [0x00000000ee880000,0x00000000efbf8f98,0x00000000efc00000)
  to   space 33280K, 0% used [0x00000000f5180000,0x00000000f5180000,0x00000000f7200000)
 ParOldGen       total 82944K, used 82421K [0x00000000a0000000, 0x00000000a5100000, 0x00000000e0000000)
  object space 82944K, 99% used [0x00000000a0000000,0x00000000a507d708,0x00000000a5100000)
 Metaspace       used 67952K, capacity 69848K, committed 70016K, reserved 1110016K
  class space    used 8687K, capacity 9050K, committed 9088K, reserved 1048576K
Event: 467.981 GC heap after
Heap after GC invocations=29 (full 4):
 PSYoungGen      total 258048K, used 10652K [0x00000000e0000000, 0x00000000f7200000, 0x0000000100000000)
  eden space 238080K, 0% used [0x00000000e0000000,0x00000000e0000000,0x00000000ee880000)
  from space 19968K, 53% used [0x00000000ee880000,0x00000000ef2e7118,0x00000000efc00000)
  to   space 33280K, 0% used [0x00000000f5180000,0x00000000f5180000,0x00000000f7200000)
 ParOldGen       total 157184K, used 82832K [0x00000000a0000000, 0x00000000a9980000, 0x00000000e0000000)
  object space 157184K, 52% used [0x00000000a0000000,0x00000000a50e40a8,0x00000000a9980000)
 Metaspace       used 67326K, capacity 69182K, committed 70016K, reserved 1110016K
  class space    used 8618K, capacity 8975K, committed 9088K, reserved 1048576K
}
Event: 469.485 GC heap before
{Heap before GC invocations=30 (full 4):
 PSYoungGen      total 258048K, used 248732K [0x00000000e0000000, 0x00000000f7200000, 0x0000000100000000)
  eden space 238080K, 100% used [0x00000000e0000000,0x00000000ee880000,0x00000000ee880000)
  from space 19968K, 53% used [0x00000000ee880000,0x00000000ef2e7118,0x00000000efc00000)
  to   space 33280K, 0% used [0x00000000f5180000,0x00000000f5180000,0x00000000f7200000)
 ParOldGen       total 157184K, used 82832K [0x00000000a0000000, 0x00000000a9980000, 0x00000000e0000000)
  object space 157184K, 52% used [0x00000000a0000000,0x00000000a50e40a8,0x00000000a9980000)
 Metaspace       used 67394K, capacity 69246K, committed 70016K, reserved 1110016K
  class space    used 8620K, capacity 8975K, committed 9088K, reserved 1048576K
Event: 469.669 GC heap after
Heap after GC invocations=30 (full 4):
 PSYoungGen      total 331776K, used 33276K [0x00000000e0000000, 0x00000000f7a80000, 0x0000000100000000)
  eden space 298496K, 0% used [0x00000000e0000000,0x00000000e0000000,0x00000000f2380000)
  from space 33280K, 99% used [0x00000000f5180000,0x00000000f71ff3a0,0x00000000f7200000)
  to   space 44544K, 0% used [0x00000000f2380000,0x00000000f2380000,0x00000000f4f00000)
 ParOldGen       total 157184K, used 97509K [0x00000000a0000000, 0x00000000a9980000, 0x00000000e0000000)
  object space 157184K, 62% used [0x00000000a0000000,0x00000000a5f397a8,0x00000000a9980000)
 Metaspace       used 67394K, capacity 69246K, committed 70016K, reserved 1110016K
  class space    used 8620K, capacity 8975K, committed 9088K, reserved 1048576K
}

