# JRE version: Java(TM) SE Runtime Environment (8.0_20-b26) (build 1.8.0_20-b26)
# Java VM: Java HotSpot(TM) 64-Bit Server VM (25.20-b23 mixed mode windows-amd64 compressed oops)
Heap:
 PSYoungGen      total 199680K, used 72035K [0x00000000e0000000, 0x00000000ef600000, 0x0000000100000000)
  eden space 175104K, 41% used [0x00000000e0000000,0x00000000e4622ef0,0x00000000eab00000)
  from space 24576K, 0% used [0x00000000ede00000,0x00000000ede35fa0,0x00000000ef600000)
  to   space 38400K, 0% used [0x00000000eab00000,0x00000000eab00000,0x00000000ed080000)
 ParOldGen       total 76288K, used 58137K [0x00000000a0000000, 0x00000000a4a80000, 0x00000000e0000000)
  object space 76288K, 76% used [0x00000000a0000000,0x00000000a38c65c0,0x00000000a4a80000)
 Metaspace       used 70821K, capacity 73490K, committed 73728K, reserved 1114112K
  class space    used 9349K, capacity 9900K, committed 9984K, reserved 1048576K
GC Heap History (10 events):
Event: 284.121 GC heap before
{Heap before GC invocations=26 (full 3):
 PSYoungGen      total 153088K, used 153076K [0x00000000e0000000, 0x00000000eb080000, 0x0000000100000000)
  eden space 136192K, 100% used [0x00000000e0000000,0x00000000e8500000,0x00000000e8500000)
  from space 16896K, 99% used [0x00000000e9980000,0x00000000ea9fd210,0x00000000eaa00000)
  to   space 20992K, 0% used [0x00000000e8500000,0x00000000e8500000,0x00000000e9980000)
 ParOldGen       total 76288K, used 46761K [0x00000000a0000000, 0x00000000a4a80000, 0x00000000e0000000)
  object space 76288K, 61% used [0x00000000a0000000,0x00000000a2daa6e0,0x00000000a4a80000)
 Metaspace       used 66431K, capacity 68868K, committed 69120K, reserved 1110016K
  class space    used 8860K, capacity 9353K, committed 9472K, reserved 1048576K
Event: 284.193 GC heap after
Heap after GC invocations=26 (full 3):
 PSYoungGen      total 157184K, used 20978K [0x00000000e0000000, 0x00000000ec980000, 0x0000000100000000)
  eden space 136192K, 0% used [0x00000000e0000000,0x00000000e0000000,0x00000000e8500000)
  from space 20992K, 99% used [0x00000000e8500000,0x00000000e997c870,0x00000000e9980000)
  to   space 28672K, 0% used [0x00000000ead80000,0x00000000ead80000,0x00000000ec980000)
 ParOldGen       total 76288K, used 59731K [0x00000000a0000000, 0x00000000a4a80000, 0x00000000e0000000)
  object space 76288K, 78% used [0x00000000a0000000,0x00000000a3a54c50,0x00000000a4a80000)
 Metaspace       used 66431K, capacity 68868K, committed 69120K, reserved 1110016K
  class space    used 8860K, capacity 9353K, committed 9472K, reserved 1048576K
}
Event: 293.843 GC heap before
{Heap before GC invocations=27 (full 3):
 PSYoungGen      total 157184K, used 156953K [0x00000000e0000000, 0x00000000ec980000, 0x0000000100000000)
  eden space 136192K, 99% used [0x00000000e0000000,0x00000000e84c9d70,0x00000000e8500000)
  from space 20992K, 99% used [0x00000000e8500000,0x00000000e997c870,0x00000000e9980000)
  to   space 28672K, 0% used [0x00000000ead80000,0x00000000ead80000,0x00000000ec980000)
 ParOldGen       total 76288K, used 59731K [0x00000000a0000000, 0x00000000a4a80000, 0x00000000e0000000)
  object space 76288K, 78% used [0x00000000a0000000,0x00000000a3a54c50,0x00000000a4a80000)
 Metaspace       used 69612K, capacity 72168K, committed 72448K, reserved 1112064K
  class space    used 9187K, capacity 9689K, committed 9728K, reserved 1048576K
Event: 294.908 GC heap after
Heap after GC invocations=27 (full 3):
 PSYoungGen      total 167936K, used 28668K [0x00000000e0000000, 0x00000000ef200000, 0x0000000100000000)
  eden space 139264K, 0% used [0x00000000e0000000,0x00000000e0000000,0x00000000e8800000)
  from space 28672K, 99% used [0x00000000ead80000,0x00000000ec97f288,0x00000000ec980000)
  to   space 38400K, 0% used [0x00000000e8800000,0x00000000e8800000,0x00000000ead80000)
 ParOldGen       total 76288K, used 73571K [0x00000000a0000000, 0x00000000a4a80000, 0x00000000e0000000)
  object space 76288K, 96% used [0x00000000a0000000,0x00000000a47d8f38,0x00000000a4a80000)
 Metaspace       used 69612K, capacity 72168K, committed 72448K, reserved 1112064K
  class space    used 9187K, capacity 9689K, committed 9728K, reserved 1048576K
}
Event: 294.908 GC heap before
{Heap before GC invocations=28 (full 4):
 PSYoungGen      total 167936K, used 28668K [0x00000000e0000000, 0x00000000ef200000, 0x0000000100000000)
  eden space 139264K, 0% used [0x00000000e0000000,0x00000000e0000000,0x00000000e8800000)
  from space 28672K, 99% used [0x00000000ead80000,0x00000000ec97f288,0x00000000ec980000)
  to   space 38400K, 0% used [0x00000000e8800000,0x00000000e8800000,0x00000000ead80000)
 ParOldGen       total 76288K, used 73571K [0x00000000a0000000, 0x00000000a4a80000, 0x00000000e0000000)
  object space 76288K, 96% used [0x00000000a0000000,0x00000000a47d8f38,0x00000000a4a80000)
 Metaspace       used 69612K, capacity 72168K, committed 72448K, reserved 1112064K
  class space    used 9187K, capacity 9689K, committed 9728K, reserved 1048576K
Event: 296.351 GC heap after
Heap after GC invocations=28 (full 4):
 PSYoungGen      total 167936K, used 0K [0x00000000e0000000, 0x00000000ef200000, 0x0000000100000000)
  eden space 139264K, 0% used [0x00000000e0000000,0x00000000e0000000,0x00000000e8800000)
  from space 28672K, 0% used [0x00000000ead80000,0x00000000ead80000,0x00000000ec980000)
  to   space 38400K, 0% used [0x00000000e8800000,0x00000000e8800000,0x00000000ead80000)
 ParOldGen       total 76288K, used 58113K [0x00000000a0000000, 0x00000000a4a80000, 0x00000000e0000000)
  object space 76288K, 76% used [0x00000000a0000000,0x00000000a38c05c0,0x00000000a4a80000)
 Metaspace       used 68982K, capacity 71492K, committed 72448K, reserved 1112064K
  class space    used 9117K, capacity 9611K, committed 9728K, reserved 1048576K
}
Event: 296.682 GC heap before
{Heap before GC invocations=29 (full 4):
 PSYoungGen      total 167936K, used 139173K [0x00000000e0000000, 0x00000000ef200000, 0x0000000100000000)
  eden space 139264K, 99% used [0x00000000e0000000,0x00000000e87e9530,0x00000000e8800000)
  from space 28672K, 0% used [0x00000000ead80000,0x00000000ead80000,0x00000000ec980000)
  to   space 38400K, 0% used [0x00000000e8800000,0x00000000e8800000,0x00000000ead80000)
 ParOldGen       total 76288K, used 58113K [0x00000000a0000000, 0x00000000a4a80000, 0x00000000e0000000)
  object space 76288K, 76% used [0x00000000a0000000,0x00000000a38c05c0,0x00000000a4a80000)
 Metaspace       used 68984K, capacity 71492K, committed 72448K, reserved 1112064K
  class space    used 9117K, capacity 9611K, committed 9728K, reserved 1048576K
Event: 297.353 GC heap after
Heap after GC invocations=29 (full 4):
 PSYoungGen      total 177664K, used 32K [0x00000000e0000000, 0x00000000f0400000, 0x0000000100000000)
  eden space 139264K, 0% used [0x00000000e0000000,0x00000000e0000000,0x00000000e8800000)
  from space 38400K, 0% used [0x00000000e8800000,0x00000000e8808000,0x00000000ead80000)
  to   space 38912K, 0% used [0x00000000ede00000,0x00000000ede00000,0x00000000f0400000)
 ParOldGen       total 76288K, used 58121K [0x00000000a0000000, 0x00000000a4a80000, 0x00000000e0000000)
  object space 76288K, 76% used [0x00000000a0000000,0x00000000a38c25c0,0x00000000a4a80000)
 Metaspace       used 68984K, capacity 71492K, committed 72448K, reserved 1112064K
  class space    used 9117K, capacity 9611K, committed 9728K, reserved 1048576K
}
Event: 297.694 GC heap before
{Heap before GC invocations=30 (full 4):
 PSYoungGen      total 177664K, used 139296K [0x00000000e0000000, 0x00000000f0400000, 0x0000000100000000)
  eden space 139264K, 100% used [0x00000000e0000000,0x00000000e8800000,0x00000000e8800000)
  from space 38400K, 0% used [0x00000000e8800000,0x00000000e8808000,0x00000000ead80000)
  to   space 38912K, 0% used [0x00000000ede00000,0x00000000ede00000,0x00000000f0400000)
 ParOldGen       total 76288K, used 58121K [0x00000000a0000000, 0x00000000a4a80000, 0x00000000e0000000)
  object space 76288K, 76% used [0x00000000a0000000,0x00000000a38c25c0,0x00000000a4a80000)
 Metaspace       used 69100K, capacity 71612K, committed 72448K, reserved 1112064K
  class space    used 9138K, capacity 9649K, committed 9728K, reserved 1048576K
Event: 297.697 GC heap after
Heap after GC invocations=30 (full 4):
 PSYoungGen      total 199680K, used 215K [0x00000000e0000000, 0x00000000ef600000, 0x0000000100000000)
  eden space 175104K, 0% used [0x00000000e0000000,0x00000000e0000000,0x00000000eab00000)
  from space 24576K, 0% used [0x00000000ede00000,0x00000000ede35fa0,0x00000000ef600000)
  to   space 38400K, 0% used [0x00000000eab00000,0x00000000eab00000,0x00000000ed080000)
 ParOldGen       total 76288K, used 58137K [0x00000000a0000000, 0x00000000a4a80000, 0x00000000e0000000)
  object space 76288K, 76% used [0x00000000a0000000,0x00000000a38c65c0,0x00000000a4a80000)
 Metaspace       used 69100K, capacity 71612K, committed 72448K, reserved 1112064K
  class space    used 9138K, capacity 9649K, committed 9728K, reserved 1048576K
}

